#Build: Fabric Compiler 2022.2-SP4.2, Build 132111, Aug 13 06:22 2023
#Install: D:\pango\PDS_2022.2-SP4.2-ads\bin
#Application name: pds_shell.exe
#OS: Windows 10 10.0.22631
#Hostname: xiao
Generated by Fabric Compiler (version 2022.2-SP4.2 build 132111) at Fri Jul  5 01:41:49 2024
Compiling verification operator library.
Compiling common defs.
Compiling prim grid devices.
Compiling gate devices.
Compiling gate operators.
Building architecture model.
Loading device packaging model.
Reading design from pnr DB.
Start Report Post-PnR timing.
Constructing timing graph ...
Timing graph has been constructed successfully
C: STA-3009: The clock top_module|sys_clk is not connected to any clock endpoints,it will be treated as a normal port or pin.
W: STA-3011: Clock pin 'u_ip_fifo/next_state[1]/opit_0/G' (gopLATCH.G) has no clock, timing propagation is disabled at the pin.
W: STA-3011: Clock pin 'u_ip_fifo/next_state[3]/opit_0/G' (gopLATCH.G) has no clock, timing propagation is disabled at the pin.
W: STA-3011: Clock pin 'u_spi_drive/next_state[0]/opit_0/G' (gopLATCH.G) has no clock, timing propagation is disabled at the pin.
W: Timing-4087: Port 'Sa_hold' is not constrained, it is treated as combinational output.
W: Timing-4087: Port 'ad_clk_1' is not constrained, it is treated as combinational output.
W: Timing-4087: Port 'ad_oe_1' is not constrained, it is treated as combinational output.
W: Timing-4087: Port 'ad_oe_2' is not constrained, it is treated as combinational output.
W: Timing-4087: Port 'ampl_state[0]' is not constrained, it is treated as combinational output.
W: Timing-4087: Port 'ampl_state[1]' is not constrained, it is treated as combinational output.
W: Timing-4087: Port 'ampl_state[2]' is not constrained, it is treated as combinational output.
W: Timing-4087: Port 'ampl_state[3]' is not constrained, it is treated as combinational output.
W: Timing-4087: Port 'en_force_trig' is not constrained, it is treated as combinational output.
W: Timing-4087: Port 'meas_state[0]' is not constrained, it is treated as combinational output.
W: Timing-4087: Port 'meas_state[1]' is not constrained, it is treated as combinational output.
W: Timing-4087: Port 'spi_data_ready' is not constrained, it is treated as combinational output.
W: Timing-4087: Port 'spi_miso' is not constrained, it is treated as combinational output.
W: Timing-4087: Port 'state_change_flag' is not constrained, it is treated as combinational output.
W: Timing-4087: Port 'time_state[0]' is not constrained, it is treated as combinational output.
W: Timing-4087: Port 'time_state[1]' is not constrained, it is treated as combinational output.
W: Timing-4087: Port 'time_state[2]' is not constrained, it is treated as combinational output.
W: Timing-4087: Port 'time_state[3]' is not constrained, it is treated as combinational output.
W: Timing-4087: Port 'time_state[4]' is not constrained, it is treated as combinational output.
W: Timing-4086: Port 'adc_data_1[0]' is not constrained, it is treated as combinational input.
W: Timing-4086: Port 'adc_data_1[1]' is not constrained, it is treated as combinational input.
W: Timing-4086: Port 'adc_data_1[2]' is not constrained, it is treated as combinational input.
W: Timing-4086: Port 'adc_data_1[3]' is not constrained, it is treated as combinational input.
W: Timing-4086: Port 'adc_data_1[4]' is not constrained, it is treated as combinational input.
W: Timing-4086: Port 'adc_data_1[5]' is not constrained, it is treated as combinational input.
W: Timing-4086: Port 'adc_data_1[6]' is not constrained, it is treated as combinational input.
W: Timing-4086: Port 'adc_data_1[7]' is not constrained, it is treated as combinational input.
W: Timing-4086: Port 'adc_data_1[8]' is not constrained, it is treated as combinational input.
W: Timing-4086: Port 'adc_data_1[9]' is not constrained, it is treated as combinational input.
W: Timing-4086: Port 'enc_clk_ampl' is not constrained, it is treated as combinational input.
W: Timing-4086: Port 'enc_clk_time' is not constrained, it is treated as combinational input.
W: Timing-4086: Port 'enc_dt_ampl' is not constrained, it is treated as combinational input.
W: Timing-4086: Port 'enc_dt_time' is not constrained, it is treated as combinational input.
W: Timing-4086: Port 'key_force_trig' is not constrained, it is treated as combinational input.
W: Timing-4086: Port 'key_run' is not constrained, it is treated as combinational input.
W: Timing-4086: Port 'key_single' is not constrained, it is treated as combinational input.
W: Timing-4086: Port 'spi_clk' is not constrained, it is treated as combinational input.
W: Timing-4086: Port 'spi_cs' is not constrained, it is treated as combinational input.
W: Timing-4086: Port 'spi_mosi' is not constrained, it is treated as combinational input.
W: Timing-4086: Port 'sys_rst_n' is not constrained, it is treated as combinational input.
W: Timing-4086: Port 'trigger' is not constrained, it is treated as combinational input.
Report timing is finished successfully.
Action report_timing: Real time elapsed is 0h:0m:7s
Action report_timing: CPU time elapsed is 0h:0m:4s
Action report_timing: Process CPU time elapsed is 0h:0m:4s
Current time: Fri Jul  5 01:41:54 2024
Action report_timing: Peak memory pool usage is 839 MB
