-------------------------------------------------------------------------------------------------------------------------------------------------------------------------------------------------------------------------------------------------------------------------
Detailed RTL Component Info :
-----Module Name :
                    top_module

-----Multipliers :
                    5 x 8     Multipliers := 1

-----Adders :

APM: Final Mapping Report
|-------------------|-----------------------------|--------------|--------------|---------|---------|---------|---------|---------|---------|--------------|--------------|--------------|--------------|--------------|
| APM Inst Name     | APM Cascade                 | X Size       | Y Size       | Z Size  | P Size  | X_REG   | Y_REG   | Z_REG   | P_REG   | MULT_REG     | PREADD_REG   | USE_PREADD   | USE_POSTADD  | Primitives   |
|-------------------|-----------------------------|--------------|--------------|---------|---------|---------|---------|---------|---------|--------------|--------------|--------------|--------------|--------------|
| u_adc_rd/N264     | /                           | 8(unsigned)  | 5(unsigned)  | /       | 13      | 1       | 0       | /       | 0       | 0            | 0            | 0            | 0            | GTP_APM_E1   |
|-------------------|-----------------------------|--------------|--------------|---------|---------|---------|---------|---------|---------|--------------|--------------|--------------|--------------|--------------|

-------------------------------------------------------------------------------------------------------------------------------------------------------------------------------------------------------------------------------------------------------------------------

-----------------------------------------------------------------------------------------------------------------------------------------------
Detailed RTL Component Info :
-----Module Name :
                    top_module

-----ROMs :
            800 Bit    (32 x 25 bit)          ROMs := 1

Distributed RAM and Block RAM: Final Mapping Report
|----------------------|------------------------|-------------------|---------|
| DPRAM Inst Name      | Size (Depth x Width)   | Primitives        | Count   |
|----------------------|------------------------|-------------------|---------|
| u_force_trig/N96_1   | 32 x 25                |                   |         |
|                      | 32 x 1                 | GTP_ROM32X1       | 25      |
|----------------------|------------------------|-------------------|---------|

-----------------------------------------------------------------------------------------------------------------------------------------------

