#Build: Fabric Inserter 2022.2-SP4.2, Build 132111, Aug 13 06:22 2023
#Install: D:\pango\PDS_2022.2-SP4.2-ads\bin
#Application name: cdt_ins.exe
#OS: Windows 10 10.0.22631
#Hostname: xiao
Generated by Fabric Inserter (version 2022.2-SP4.2 build 132111) at Fri Jul  5 01:42:04 2024
*************************************************************************
*
*  Parsing design. Please be patient as this can take several minutes.
*
*************************************************************************
Compiling architecture definition.
Loading technology operator library.
Compiling technology operator library.
Compiling technology operator (valence) library.
W: Adm-4001: Attribute 'syn_encoding' is not supported. It is ignored.
W: Adm-4001: Attribute 'syn_encoding' is not supported. It is ignored.
W: Adm-4001: Attribute 'syn_encoding' is not supported. It is ignored.
Compiling file 'D:/pango/MyProject/oscillosope/prj/synthesize/top_module_syn.adf' successful.
Creating module hierarchy.
Collecting net information.
*************************************************************************
*
*  Design Parsing Done.
*
*************************************************************************
M_PROCESS_FINISH_STARTED

