#Build: Fabric Compiler 2022.2-SP4.2, Build 132111, Aug 13 06:22 2023
#Install: D:\pango\PDS_2022.2-SP4.2-ads\bin
#Application name: pds.exe
#OS: Windows 10 10.0.22631
#Hostname: xiao
Generated by Fabric Compiler (version 2022.2-SP4.2 build 132111) at Sat Jun 29 12:03:36 2024
Parse module hierarchy of project 'D:/pango/MyProject/oscillosope/prj/temp_projects/Main_Flow/Main_Flow.pds' (ADS Parser)
Parse module hierarchy of project 'D:/pango/MyProject/oscillosope/prj/temp_projects/Main_Flow/Main_Flow.pds' (ADS Parser)
I: Flow-6004: Design file modified: "D:/pango/MyProject/oscillosope/rtl/state_control.v". 
Parse module hierarchy of project 'D:/pango/MyProject/oscillosope/prj/temp_projects/Main_Flow/Main_Flow.pds' (ADS Parser)
I: Flow-6004: Design file modified: "D:/pango/MyProject/oscillosope/rtl/top_module.v". 
Parse module hierarchy of project 'D:/pango/MyProject/oscillosope/prj/temp_projects/Main_Flow/Main_Flow.pds' (ADS Parser)
I: Flow-6004: Design file modified: "D:/pango/MyProject/oscillosope/rtl/state_control.v". 
Parse module hierarchy of project 'D:/pango/MyProject/oscillosope/prj/temp_projects/Main_Flow/Main_Flow.pds' (ADS Parser)
I: Flow-6004: Design file modified: "D:/pango/MyProject/oscillosope/rtl/state_control.v". 
Parse module hierarchy of project 'D:/pango/MyProject/oscillosope/prj/temp_projects/Main_Flow/Main_Flow.pds' (ADS Parser)
Parse module hierarchy of project 'D:/pango/MyProject/oscillosope/prj/temp_projects/Main_Flow/Main_Flow.pds' (ADS Parser)
Parse module hierarchy of project 'D:/pango/MyProject/oscillosope/prj/temp_projects/Main_Flow/Main_Flow.pds' (ADS Parser)
I: Flow-6004: Design file modified: "D:/pango/MyProject/oscillosope/rtl/f_measure.v". 
E: Verilog-4119: [D:/pango/MyProject/oscillosope/rtl/top_module.v(line number: 55)] Referenced port name 'en_pulse' was not defined in module 'f_measure'
Parse module hierarchy of project 'D:/pango/MyProject/oscillosope/prj/temp_projects/Main_Flow/Main_Flow.pds' (ADS Parser)
I: Flow-6004: Design file modified: "D:/pango/MyProject/oscillosope/rtl/top_module.v". 
Parse module hierarchy of project 'D:/pango/MyProject/oscillosope/prj/temp_projects/Main_Flow/Main_Flow.pds' (ADS Parser)
Parse module hierarchy of project 'D:/pango/MyProject/oscillosope/prj/temp_projects/Main_Flow/Main_Flow.pds' (ADS Parser)
I: Flow-6004: Design file modified: "D:/pango/MyProject/oscillosope/rtl/f_measure.v". 
Parse module hierarchy of project 'D:/pango/MyProject/oscillosope/prj/temp_projects/Main_Flow/Main_Flow.pds' (ADS Parser)
I: Flow-6004: Design file modified: "D:/pango/MyProject/oscillosope/rtl/f_measure.v". 
Parse module hierarchy of project 'D:/pango/MyProject/oscillosope/prj/temp_projects/Main_Flow/Main_Flow.pds' (ADS Parser)
I: Flow-6004: Design file modified: "D:/pango/MyProject/oscillosope/rtl/f_measure.v". 
Parse module hierarchy of project 'D:/pango/MyProject/oscillosope/prj/temp_projects/Main_Flow/Main_Flow.pds' (ADS Parser)
I: Flow-6004: Design file modified: "D:/pango/MyProject/oscillosope/rtl/f_measure.v". 
Parse module hierarchy of project 'D:/pango/MyProject/oscillosope/prj/temp_projects/Main_Flow/Main_Flow.pds' (ADS Parser)
I: Flow-6004: Design file modified: "D:/pango/MyProject/oscillosope/rtl/f_measure.v". 
Parse module hierarchy of project 'D:/pango/MyProject/oscillosope/prj/temp_projects/Main_Flow/Main_Flow.pds' (ADS Parser)
Parse module hierarchy of project 'D:/pango/MyProject/oscillosope/prj/temp_projects/Main_Flow/Main_Flow.pds' (ADS Parser)
I: Flow-6004: Design file modified: "D:/pango/MyProject/oscillosope/rtl/f_measure.v". 
E: Verilog-4039: [D:/pango/MyProject/oscillosope/rtl/f_measure.v(line number: 49)] Identifier gate_trig_cnt is not declared
E: Parsing ERROR.
Parse module hierarchy of project 'D:/pango/MyProject/oscillosope/prj/temp_projects/Main_Flow/Main_Flow.pds' (ADS Parser)
I: Flow-6004: Design file modified: "D:/pango/MyProject/oscillosope/rtl/f_measure.v". 
Parse module hierarchy of project 'D:/pango/MyProject/oscillosope/prj/temp_projects/Main_Flow/Main_Flow.pds' (ADS Parser)
I: Flow-6004: Design file modified: "D:/pango/MyProject/oscillosope/rtl/f_measure.v". 
Parse module hierarchy of project 'D:/pango/MyProject/oscillosope/prj/temp_projects/Main_Flow/Main_Flow.pds' (ADS Parser)
Parse module hierarchy of project 'D:/pango/MyProject/oscillosope/prj/temp_projects/Main_Flow/Main_Flow.pds' (ADS Parser)
I: Flow-6004: Design file modified: "D:/pango/MyProject/oscillosope/rtl/f_measure.v". 
Parse module hierarchy of project 'D:/pango/MyProject/oscillosope/prj/temp_projects/Main_Flow/Main_Flow.pds' (ADS Parser)
Parse module hierarchy of project 'D:/pango/MyProject/oscillosope/prj/temp_projects/Main_Flow/Main_Flow.pds' (ADS Parser)
Parse module hierarchy of project 'D:/pango/MyProject/oscillosope/prj/temp_projects/Main_Flow/Main_Flow.pds' (ADS Parser)
I: Flow-6004: Design file modified: "D:/pango/MyProject/oscillosope/rtl/f_measure.v". 
Parse module hierarchy of project 'D:/pango/MyProject/oscillosope/prj/temp_projects/Main_Flow/Main_Flow.pds' (ADS Parser)
I: Flow-6004: Design file modified: "D:/pango/MyProject/oscillosope/rtl/f_measure.v". 
