#Build: Fabric Compiler 2022.2-SP4.2, Build 132111, Aug 13 06:22 2023
#Install: D:\pango\PDS_2022.2-SP4.2-ads\bin
#Application name: pds_shell.exe
#OS: Windows 10 10.0.22631
#Hostname: xiao
Generated by Fabric Compiler (version 2022.2-SP4.2 build 132111) at Fri Jul  5 01:32:23 2024
License checkout: fabric_ads from D:\pango\PDS_2022.2-SP4.2-ads\license\new_pds_584120290F2C.lic
Compiling verification operator library.
Loading technology operator library.
Compiling technology operator library.
Compiling technology operator (valence) library.
I: Enable Verilog2k features and keywords
Start rtl-analyze.
Executing : .rtl_analyze -work work -include_path {D:/pango/MyProject/oscillosope/prj} D:/pango/MyProject/oscillosope/rtl/adc_rd.v
I: Verilog-0001: Analyzing file D:/pango/MyProject/oscillosope/rtl/adc_rd.v
I: Verilog-0002: [D:/pango/MyProject/oscillosope/rtl/adc_rd.v(line number: 1)] Analyzing module adc_rd (library work)
Parsing done.
Executing : .rtl_analyze -work work -include_path {D:/pango/MyProject/oscillosope/prj} D:/pango/MyProject/oscillosope/rtl/adc_rd.v successfully.
Executing : .rtl_analyze -work work -include_path {D:/pango/MyProject/oscillosope/prj} D:/pango/MyProject/oscillosope/rtl/data_packing.v
I: Verilog-0001: Analyzing file D:/pango/MyProject/oscillosope/rtl/data_packing.v
I: Verilog-0002: [D:/pango/MyProject/oscillosope/rtl/data_packing.v(line number: 1)] Analyzing module data_packing (library work)
Parsing done.
Executing : .rtl_analyze -work work -include_path {D:/pango/MyProject/oscillosope/prj} D:/pango/MyProject/oscillosope/rtl/data_packing.v successfully.
Executing : .rtl_analyze -work work -include_path {D:/pango/MyProject/oscillosope/prj} D:/pango/MyProject/oscillosope/rtl/encoder_drive.v
I: Verilog-0001: Analyzing file D:/pango/MyProject/oscillosope/rtl/encoder_drive.v
I: Verilog-0002: [D:/pango/MyProject/oscillosope/rtl/encoder_drive.v(line number: 1)] Analyzing module encoder_drive (library work)
Parsing done.
Executing : .rtl_analyze -work work -include_path {D:/pango/MyProject/oscillosope/prj} D:/pango/MyProject/oscillosope/rtl/encoder_drive.v successfully.
Executing : .rtl_analyze -work work -include_path {D:/pango/MyProject/oscillosope/prj} D:/pango/MyProject/oscillosope/rtl/f_Sa_control.v
I: Verilog-0001: Analyzing file D:/pango/MyProject/oscillosope/rtl/f_Sa_control.v
I: Verilog-0002: [D:/pango/MyProject/oscillosope/rtl/f_Sa_control.v(line number: 1)] Analyzing module f_Sa_control (library work)
Parsing done.
Executing : .rtl_analyze -work work -include_path {D:/pango/MyProject/oscillosope/prj} D:/pango/MyProject/oscillosope/rtl/f_Sa_control.v successfully.
Executing : .rtl_analyze -work work -include_path {D:/pango/MyProject/oscillosope/prj} D:/pango/MyProject/oscillosope/rtl/fifo_rd.v
I: Verilog-0001: Analyzing file D:/pango/MyProject/oscillosope/rtl/fifo_rd.v
I: Verilog-0002: [D:/pango/MyProject/oscillosope/rtl/fifo_rd.v(line number: 1)] Analyzing module fifo_rd (library work)
Parsing done.
Executing : .rtl_analyze -work work -include_path {D:/pango/MyProject/oscillosope/prj} D:/pango/MyProject/oscillosope/rtl/fifo_rd.v successfully.
Executing : .rtl_analyze -work work -include_path {D:/pango/MyProject/oscillosope/prj} D:/pango/MyProject/oscillosope/rtl/fifo_wr.v
I: Verilog-0001: Analyzing file D:/pango/MyProject/oscillosope/rtl/fifo_wr.v
I: Verilog-0002: [D:/pango/MyProject/oscillosope/rtl/fifo_wr.v(line number: 1)] Analyzing module fifo_wr (library work)
Parsing done.
Executing : .rtl_analyze -work work -include_path {D:/pango/MyProject/oscillosope/prj} D:/pango/MyProject/oscillosope/rtl/fifo_wr.v successfully.
Executing : .rtl_analyze -work work -include_path {D:/pango/MyProject/oscillosope/prj} D:/pango/MyProject/oscillosope/rtl/ip_fifo.v
I: Verilog-0001: Analyzing file D:/pango/MyProject/oscillosope/rtl/ip_fifo.v
I: Verilog-0002: [D:/pango/MyProject/oscillosope/rtl/ip_fifo.v(line number: 1)] Analyzing module ip_fifo (library work)
Parsing done.
Executing : .rtl_analyze -work work -include_path {D:/pango/MyProject/oscillosope/prj} D:/pango/MyProject/oscillosope/rtl/ip_fifo.v successfully.
Executing : .rtl_analyze -work work -include_path {D:/pango/MyProject/oscillosope/prj} D:/pango/MyProject/oscillosope/rtl/key_debounce.v
I: Verilog-0001: Analyzing file D:/pango/MyProject/oscillosope/rtl/key_debounce.v
I: Verilog-0002: [D:/pango/MyProject/oscillosope/rtl/key_debounce.v(line number: 1)] Analyzing module key_debounce (library work)
Parsing done.
Executing : .rtl_analyze -work work -include_path {D:/pango/MyProject/oscillosope/prj} D:/pango/MyProject/oscillosope/rtl/key_debounce.v successfully.
Executing : .rtl_analyze -work work -include_path {D:/pango/MyProject/oscillosope/prj} D:/pango/MyProject/oscillosope/rtl/my_spi_drive.v
I: Verilog-0001: Analyzing file D:/pango/MyProject/oscillosope/rtl/my_spi_drive.v
I: Verilog-0002: [D:/pango/MyProject/oscillosope/rtl/my_spi_drive.v(line number: 1)] Analyzing module spi_drive (library work)
Parsing done.
Executing : .rtl_analyze -work work -include_path {D:/pango/MyProject/oscillosope/prj} D:/pango/MyProject/oscillosope/rtl/my_spi_drive.v successfully.
Executing : .rtl_analyze -work work -include_path {D:/pango/MyProject/oscillosope/prj} D:/pango/MyProject/oscillosope/rtl/state_control.v
I: Verilog-0001: Analyzing file D:/pango/MyProject/oscillosope/rtl/state_control.v
I: Verilog-0002: [D:/pango/MyProject/oscillosope/rtl/state_control.v(line number: 1)] Analyzing module state_control (library work)
Parsing done.
Executing : .rtl_analyze -work work -include_path {D:/pango/MyProject/oscillosope/prj} D:/pango/MyProject/oscillosope/rtl/state_control.v successfully.
Executing : .rtl_analyze -work work -include_path {D:/pango/MyProject/oscillosope/prj} D:/pango/MyProject/oscillosope/rtl/top_module.v
I: Verilog-0001: Analyzing file D:/pango/MyProject/oscillosope/rtl/top_module.v
I: Verilog-0002: [D:/pango/MyProject/oscillosope/rtl/top_module.v(line number: 1)] Analyzing module top_module (library work)
Parsing done.
Executing : .rtl_analyze -work work -include_path {D:/pango/MyProject/oscillosope/prj} D:/pango/MyProject/oscillosope/rtl/top_module.v successfully.
Executing : .rtl_analyze -work work -include_path {D:/pango/MyProject/oscillosope/prj} D:/pango/MyProject/oscillosope/rtl/force_trig.v
I: Verilog-0001: Analyzing file D:/pango/MyProject/oscillosope/rtl/force_trig.v
I: Verilog-0002: [D:/pango/MyProject/oscillosope/rtl/force_trig.v(line number: 1)] Analyzing module force_trig (library work)
Parsing done.
Executing : .rtl_analyze -work work -include_path {D:/pango/MyProject/oscillosope/prj} D:/pango/MyProject/oscillosope/rtl/force_trig.v successfully.
Executing : .rtl_analyze -work work -include_path {D:/pango/MyProject/oscillosope/prj} D:/pango/MyProject/oscillosope/rtl/f_measure.v
I: Verilog-0001: Analyzing file D:/pango/MyProject/oscillosope/rtl/f_measure.v
I: Verilog-0002: [D:/pango/MyProject/oscillosope/rtl/f_measure.v(line number: 1)] Analyzing module f_measure (library work)
Parsing done.
Executing : .rtl_analyze -work work -include_path {D:/pango/MyProject/oscillosope/prj} D:/pango/MyProject/oscillosope/rtl/f_measure.v successfully.
Executing : .rtl_analyze -work work -include_path {D:/pango/MyProject/oscillosope/prj} D:/pango/MyProject/oscillosope/rtl/divider_32.v
I: Verilog-0001: Analyzing file D:/pango/MyProject/oscillosope/rtl/divider_32.v
I: Verilog-0002: [D:/pango/MyProject/oscillosope/rtl/divider_32.v(line number: 1)] Analyzing module divider_32 (library work)
Parsing done.
Executing : .rtl_analyze -work work -include_path {D:/pango/MyProject/oscillosope/prj} D:/pango/MyProject/oscillosope/rtl/divider_32.v successfully.
Executing : .rtl_analyze -work work -include_path {D:/pango/MyProject/oscillosope/prj} D:/pango/MyProject/oscillosope/rtl/output_shaping.v
I: Verilog-0001: Analyzing file D:/pango/MyProject/oscillosope/rtl/output_shaping.v
I: Verilog-0002: [D:/pango/MyProject/oscillosope/rtl/output_shaping.v(line number: 1)] Analyzing module output_shaping (library work)
Parsing done.
Executing : .rtl_analyze -work work -include_path {D:/pango/MyProject/oscillosope/prj} D:/pango/MyProject/oscillosope/rtl/output_shaping.v successfully.
Executing : .rtl_analyze -include_path {D:/pango/MyProject/oscillosope/prj} D:/pango/MyProject/oscillosope/prj/ipcore/pll_clk/pll_clk.v
I: Verilog-0001: Analyzing file D:/pango/MyProject/oscillosope/prj/ipcore/pll_clk/pll_clk.v
I: Verilog-0002: [D:/pango/MyProject/oscillosope/prj/ipcore/pll_clk/pll_clk.v(line number: 18)] Analyzing module pll_clk (library work)
Parsing done.
Executing : .rtl_analyze -include_path {D:/pango/MyProject/oscillosope/prj} D:/pango/MyProject/oscillosope/prj/ipcore/pll_clk/pll_clk.v successfully.
Executing : .rtl_analyze -include_path {D:/pango/MyProject/oscillosope/prj} D:/pango/MyProject/oscillosope/prj/ipcore/async_fifo/rtl/ipml_fifo_ctrl_v1_4_async_fifo.v
I: Verilog-0001: Analyzing file D:/pango/MyProject/oscillosope/prj/ipcore/async_fifo/rtl/ipml_fifo_ctrl_v1_4_async_fifo.v
I: Verilog-0002: [D:/pango/MyProject/oscillosope/prj/ipcore/async_fifo/rtl/ipml_fifo_ctrl_v1_4_async_fifo.v(line number: 22)] Analyzing module ipml_fifo_ctrl_v1_4_async_fifo (library work)
I: [D:/pango/MyProject/oscillosope/prj/ipcore/async_fifo/rtl/ipml_fifo_ctrl_v1_4_async_fifo.v(line number: 52)] Convert attribute name from syn_preserve to PAP_PRESERVE
I: [D:/pango/MyProject/oscillosope/prj/ipcore/async_fifo/rtl/ipml_fifo_ctrl_v1_4_async_fifo.v(line number: 54)] Convert attribute name from syn_preserve to PAP_PRESERVE
I: [D:/pango/MyProject/oscillosope/prj/ipcore/async_fifo/rtl/ipml_fifo_ctrl_v1_4_async_fifo.v(line number: 65)] Convert attribute name from syn_preserve to PAP_PRESERVE
I: [D:/pango/MyProject/oscillosope/prj/ipcore/async_fifo/rtl/ipml_fifo_ctrl_v1_4_async_fifo.v(line number: 67)] Convert attribute name from syn_preserve to PAP_PRESERVE
Parsing done.
Executing : .rtl_analyze -include_path {D:/pango/MyProject/oscillosope/prj} D:/pango/MyProject/oscillosope/prj/ipcore/async_fifo/rtl/ipml_fifo_ctrl_v1_4_async_fifo.v successfully.
Executing : .rtl_analyze -include_path {D:/pango/MyProject/oscillosope/prj} D:/pango/MyProject/oscillosope/prj/ipcore/async_fifo/rtl/ipml_sdpram_v1_6_async_fifo.v
I: Verilog-0001: Analyzing file D:/pango/MyProject/oscillosope/prj/ipcore/async_fifo/rtl/ipml_sdpram_v1_6_async_fifo.v
I: Verilog-0002: [D:/pango/MyProject/oscillosope/prj/ipcore/async_fifo/rtl/ipml_sdpram_v1_6_async_fifo.v(line number: 18)] Analyzing module ipml_sdpram_v1_6_async_fifo (library work)
W: Verilog-2008: [D:/pango/MyProject/oscillosope/prj/ipcore/async_fifo/rtl/ipml_sdpram_v1_6_async_fifo.v(line number: 307)] Ignore 'system task' $display
W: Verilog-2008: [D:/pango/MyProject/oscillosope/prj/ipcore/async_fifo/rtl/ipml_sdpram_v1_6_async_fifo.v(line number: 308)] Ignore 'system task' $finish
W: Verilog-2008: [D:/pango/MyProject/oscillosope/prj/ipcore/async_fifo/rtl/ipml_sdpram_v1_6_async_fifo.v(line number: 311)] Ignore 'system task' $display
W: Verilog-2008: [D:/pango/MyProject/oscillosope/prj/ipcore/async_fifo/rtl/ipml_sdpram_v1_6_async_fifo.v(line number: 315)] Ignore 'system task' $display
W: Verilog-2008: [D:/pango/MyProject/oscillosope/prj/ipcore/async_fifo/rtl/ipml_sdpram_v1_6_async_fifo.v(line number: 319)] Ignore 'system task' $display
W: Verilog-2008: [D:/pango/MyProject/oscillosope/prj/ipcore/async_fifo/rtl/ipml_sdpram_v1_6_async_fifo.v(line number: 323)] Ignore 'system task' $display
W: Verilog-2008: [D:/pango/MyProject/oscillosope/prj/ipcore/async_fifo/rtl/ipml_sdpram_v1_6_async_fifo.v(line number: 327)] Ignore 'system task' $display
W: Verilog-2008: [D:/pango/MyProject/oscillosope/prj/ipcore/async_fifo/rtl/ipml_sdpram_v1_6_async_fifo.v(line number: 328)] Ignore 'system task' $finish
W: Verilog-2008: [D:/pango/MyProject/oscillosope/prj/ipcore/async_fifo/rtl/ipml_sdpram_v1_6_async_fifo.v(line number: 331)] Ignore 'system task' $display
W: Verilog-2008: [D:/pango/MyProject/oscillosope/prj/ipcore/async_fifo/rtl/ipml_sdpram_v1_6_async_fifo.v(line number: 332)] Ignore 'system task' $finish
W: Verilog-2008: [D:/pango/MyProject/oscillosope/prj/ipcore/async_fifo/rtl/ipml_sdpram_v1_6_async_fifo.v(line number: 335)] Ignore 'system task' $display
W: Verilog-2008: [D:/pango/MyProject/oscillosope/prj/ipcore/async_fifo/rtl/ipml_sdpram_v1_6_async_fifo.v(line number: 336)] Ignore 'system task' $finish
W: Verilog-2008: [D:/pango/MyProject/oscillosope/prj/ipcore/async_fifo/rtl/ipml_sdpram_v1_6_async_fifo.v(line number: 339)] Ignore 'system task' $display
W: Verilog-2008: [D:/pango/MyProject/oscillosope/prj/ipcore/async_fifo/rtl/ipml_sdpram_v1_6_async_fifo.v(line number: 340)] Ignore 'system task' $finish
W: Verilog-2008: [D:/pango/MyProject/oscillosope/prj/ipcore/async_fifo/rtl/ipml_sdpram_v1_6_async_fifo.v(line number: 343)] Ignore 'system task' $display
W: Verilog-2008: [D:/pango/MyProject/oscillosope/prj/ipcore/async_fifo/rtl/ipml_sdpram_v1_6_async_fifo.v(line number: 344)] Ignore 'system task' $finish
W: Verilog-2008: [D:/pango/MyProject/oscillosope/prj/ipcore/async_fifo/rtl/ipml_sdpram_v1_6_async_fifo.v(line number: 347)] Ignore 'system task' $display
W: Verilog-2008: [D:/pango/MyProject/oscillosope/prj/ipcore/async_fifo/rtl/ipml_sdpram_v1_6_async_fifo.v(line number: 348)] Ignore 'system task' $finish
W: Verilog-2008: [D:/pango/MyProject/oscillosope/prj/ipcore/async_fifo/rtl/ipml_sdpram_v1_6_async_fifo.v(line number: 351)] Ignore 'system task' $display
W: Verilog-2008: [D:/pango/MyProject/oscillosope/prj/ipcore/async_fifo/rtl/ipml_sdpram_v1_6_async_fifo.v(line number: 352)] Ignore 'system task' $finish
W: Verilog-2008: [D:/pango/MyProject/oscillosope/prj/ipcore/async_fifo/rtl/ipml_sdpram_v1_6_async_fifo.v(line number: 355)] Ignore 'system task' $display
W: Verilog-2008: [D:/pango/MyProject/oscillosope/prj/ipcore/async_fifo/rtl/ipml_sdpram_v1_6_async_fifo.v(line number: 356)] Ignore 'system task' $finish
W: Verilog-2008: [D:/pango/MyProject/oscillosope/prj/ipcore/async_fifo/rtl/ipml_sdpram_v1_6_async_fifo.v(line number: 359)] Ignore 'system task' $display
W: Verilog-2008: [D:/pango/MyProject/oscillosope/prj/ipcore/async_fifo/rtl/ipml_sdpram_v1_6_async_fifo.v(line number: 360)] Ignore 'system task' $finish
W: Verilog-2008: [D:/pango/MyProject/oscillosope/prj/ipcore/async_fifo/rtl/ipml_sdpram_v1_6_async_fifo.v(line number: 363)] Ignore 'system task' $display
W: Verilog-2008: [D:/pango/MyProject/oscillosope/prj/ipcore/async_fifo/rtl/ipml_sdpram_v1_6_async_fifo.v(line number: 364)] Ignore 'system task' $finish
W: Verilog-2008: [D:/pango/MyProject/oscillosope/prj/ipcore/async_fifo/rtl/ipml_sdpram_v1_6_async_fifo.v(line number: 367)] Ignore 'system task' $display
W: Verilog-2008: [D:/pango/MyProject/oscillosope/prj/ipcore/async_fifo/rtl/ipml_sdpram_v1_6_async_fifo.v(line number: 368)] Ignore 'system task' $finish
W: Verilog-2008: [D:/pango/MyProject/oscillosope/prj/ipcore/async_fifo/rtl/ipml_sdpram_v1_6_async_fifo.v(line number: 372)] Ignore 'system task' $display
W: Verilog-2008: [D:/pango/MyProject/oscillosope/prj/ipcore/async_fifo/rtl/ipml_sdpram_v1_6_async_fifo.v(line number: 373)] Ignore 'system task' $finish
W: Verilog-2008: [D:/pango/MyProject/oscillosope/prj/ipcore/async_fifo/rtl/ipml_sdpram_v1_6_async_fifo.v(line number: 376)] Ignore 'system task' $display
W: Verilog-2008: [D:/pango/MyProject/oscillosope/prj/ipcore/async_fifo/rtl/ipml_sdpram_v1_6_async_fifo.v(line number: 377)] Ignore 'system task' $finish
W: Verilog-2008: [D:/pango/MyProject/oscillosope/prj/ipcore/async_fifo/rtl/ipml_sdpram_v1_6_async_fifo.v(line number: 381)] Ignore 'system task' $display
W: Verilog-2008: [D:/pango/MyProject/oscillosope/prj/ipcore/async_fifo/rtl/ipml_sdpram_v1_6_async_fifo.v(line number: 382)] Ignore 'system task' $finish
W: Verilog-2008: [D:/pango/MyProject/oscillosope/prj/ipcore/async_fifo/rtl/ipml_sdpram_v1_6_async_fifo.v(line number: 385)] Ignore 'system task' $display
W: Verilog-2008: [D:/pango/MyProject/oscillosope/prj/ipcore/async_fifo/rtl/ipml_sdpram_v1_6_async_fifo.v(line number: 386)] Ignore 'system task' $finish
W: Verilog-2008: [D:/pango/MyProject/oscillosope/prj/ipcore/async_fifo/rtl/ipml_sdpram_v1_6_async_fifo.v(line number: 389)] Ignore 'system task' $display
W: Verilog-2008: [D:/pango/MyProject/oscillosope/prj/ipcore/async_fifo/rtl/ipml_sdpram_v1_6_async_fifo.v(line number: 390)] Ignore 'system task' $finish
W: Verilog-2008: [D:/pango/MyProject/oscillosope/prj/ipcore/async_fifo/rtl/ipml_sdpram_v1_6_async_fifo.v(line number: 393)] Ignore 'system task' $display
W: Verilog-2008: [D:/pango/MyProject/oscillosope/prj/ipcore/async_fifo/rtl/ipml_sdpram_v1_6_async_fifo.v(line number: 394)] Ignore 'system task' $finish
W: Verilog-2008: [D:/pango/MyProject/oscillosope/prj/ipcore/async_fifo/rtl/ipml_sdpram_v1_6_async_fifo.v(line number: 397)] Ignore 'system task' $display
W: Verilog-2008: [D:/pango/MyProject/oscillosope/prj/ipcore/async_fifo/rtl/ipml_sdpram_v1_6_async_fifo.v(line number: 398)] Ignore 'system task' $finish
W: Verilog-2008: [D:/pango/MyProject/oscillosope/prj/ipcore/async_fifo/rtl/ipml_sdpram_v1_6_async_fifo.v(line number: 403)] Ignore 'system task' $display
W: Verilog-2008: [D:/pango/MyProject/oscillosope/prj/ipcore/async_fifo/rtl/ipml_sdpram_v1_6_async_fifo.v(line number: 404)] Ignore 'system task' $finish
W: Verilog-2008: [D:/pango/MyProject/oscillosope/prj/ipcore/async_fifo/rtl/ipml_sdpram_v1_6_async_fifo.v(line number: 407)] Ignore 'system task' $display
W: Verilog-2008: [D:/pango/MyProject/oscillosope/prj/ipcore/async_fifo/rtl/ipml_sdpram_v1_6_async_fifo.v(line number: 408)] Ignore 'system task' $finish
W: Verilog-2008: [D:/pango/MyProject/oscillosope/prj/ipcore/async_fifo/rtl/ipml_sdpram_v1_6_async_fifo.v(line number: 413)] Ignore 'system task' $display
W: Verilog-2008: [D:/pango/MyProject/oscillosope/prj/ipcore/async_fifo/rtl/ipml_sdpram_v1_6_async_fifo.v(line number: 414)] Ignore 'system task' $finish
Parsing done.
Executing : .rtl_analyze -include_path {D:/pango/MyProject/oscillosope/prj} D:/pango/MyProject/oscillosope/prj/ipcore/async_fifo/rtl/ipml_sdpram_v1_6_async_fifo.v successfully.
Executing : .rtl_analyze -include_path {D:/pango/MyProject/oscillosope/prj} D:/pango/MyProject/oscillosope/prj/ipcore/async_fifo/rtl/ipml_fifo_v1_7_async_fifo.v
I: Verilog-0001: Analyzing file D:/pango/MyProject/oscillosope/prj/ipcore/async_fifo/rtl/ipml_fifo_v1_7_async_fifo.v
I: Verilog-0002: [D:/pango/MyProject/oscillosope/prj/ipcore/async_fifo/rtl/ipml_fifo_v1_7_async_fifo.v(line number: 23)] Analyzing module ipml_fifo_v1_7_async_fifo (library work)
Parsing done.
Executing : .rtl_analyze -include_path {D:/pango/MyProject/oscillosope/prj} D:/pango/MyProject/oscillosope/prj/ipcore/async_fifo/rtl/ipml_fifo_v1_7_async_fifo.v successfully.
Executing : .rtl_analyze -include_path {D:/pango/MyProject/oscillosope/prj} D:/pango/MyProject/oscillosope/prj/ipcore/async_fifo/async_fifo.v
I: Verilog-0001: Analyzing file D:/pango/MyProject/oscillosope/prj/ipcore/async_fifo/async_fifo.v
I: Verilog-0002: [D:/pango/MyProject/oscillosope/prj/ipcore/async_fifo/async_fifo.v(line number: 16)] Analyzing module async_fifo (library work)
Parsing done.
Executing : .rtl_analyze -include_path {D:/pango/MyProject/oscillosope/prj} D:/pango/MyProject/oscillosope/prj/ipcore/async_fifo/async_fifo.v successfully.
I: Module "top_module" is set as top module.
Executing : rtl-analyze successfully. Time elapsed: 1.392s wall, 0.000s user + 0.000s system = 0.000s CPU (n/a%)

Start rtl-elaborate.
I: Verilog-0003: [D:/pango/MyProject/oscillosope/rtl/top_module.v(line number: 1)] Elaborating module top_module
I: Verilog-0004: [D:/pango/MyProject/oscillosope/rtl/top_module.v(line number: 59)] Elaborating instance u_output_shaping
I: Verilog-0003: [D:/pango/MyProject/oscillosope/rtl/output_shaping.v(line number: 1)] Elaborating module output_shaping
I: Module instance {top_module/u_output_shaping} parameter value:
    gate_set_max = 32'b00000000000000000000000000000101
I: Verilog-0004: [D:/pango/MyProject/oscillosope/rtl/top_module.v(line number: 67)] Elaborating instance u_f_measure
I: Verilog-0003: [D:/pango/MyProject/oscillosope/rtl/f_measure.v(line number: 1)] Elaborating module f_measure
I: Module instance {top_module/u_f_measure} parameter value:
    F_STANDARD = 32'b00001110111001101011001010000000
    en_pulse_max = 32'b00000111011100110101100101000000
    gate_set_max = 32'b00000011101110011010110010100000
I: Verilog-0004: [D:/pango/MyProject/oscillosope/rtl/f_measure.v(line number: 150)] Elaborating instance u_divider_32
I: Verilog-0003: [D:/pango/MyProject/oscillosope/rtl/divider_32.v(line number: 1)] Elaborating module divider_32
I: Module instance {top_module/u_f_measure/u_divider_32} parameter value:
    div_max = 32'b00000000000000000000000000100000
W: Verilog-2019: [D:/pango/MyProject/oscillosope/rtl/top_module.v(line number: 67)] Width mismatch between port f_st_re_div_32 and signal bound to it for instantiated module f_measure
I: Verilog-0004: [D:/pango/MyProject/oscillosope/rtl/top_module.v(line number: 75)] Elaborating instance u_force_trig
I: Verilog-0003: [D:/pango/MyProject/oscillosope/rtl/force_trig.v(line number: 1)] Elaborating module force_trig
I: Module instance {top_module/u_force_trig} parameter value:
    TIME_500ms = 5'b00000
    TIME_200ms = 5'b00001
    TIME_100ms = 5'b00010
    TIME_50ms = 5'b00011
    TIME_20ms = 5'b00100
    TIME_10ms = 5'b00101
    TIME_5ms = 5'b00110
    TIME_2ms = 5'b00111
    TIME_1ms = 5'b01000
    TIME_500us = 5'b01001
    TIME_200us = 5'b01010
    TIME_100us = 5'b01011
    TIME_50us = 5'b01100
    TIME_20us = 5'b01101
    TIME_10us = 5'b01110
    TIME_5us = 5'b01111
    TIME_2us = 5'b10000
    TIME_1us = 5'b10001
    TIME_500ns = 5'b10010
    TIME_200ns = 5'b10011
    TIME_100ns = 5'b10100
I: Verilog-0004: [D:/pango/MyProject/oscillosope/rtl/top_module.v(line number: 85)] Elaborating instance u_ip_fifo
I: Verilog-0003: [D:/pango/MyProject/oscillosope/rtl/ip_fifo.v(line number: 1)] Elaborating module ip_fifo
I: Module instance {top_module/u_ip_fifo} parameter value:
    delay_max = 32'b00000000000000000000000000000101
    POINT_NUM = 32'b00000000000000000000000110010000
    DATA_NUM = 32'b00000000000000000000001100100000
    RUN = 2'b00
    SINGLE = 2'b01
    PAUSE = 2'b10
    FIFO_IDLE = 4'b1000
    WR_200x2 = 4'b1100
    WR_RD_LOOP = 4'b1110
    RD_400x2 = 4'b1010
    DIFFERENT = 32'b00000000000000000000001001011110
I: Verilog-0004: [D:/pango/MyProject/oscillosope/rtl/ip_fifo.v(line number: 257)] Elaborating instance u_async_fifo
I: Verilog-0003: [D:/pango/MyProject/oscillosope/prj/ipcore/async_fifo/async_fifo.v(line number: 16)] Elaborating module async_fifo
I: Verilog-0004: [D:/pango/MyProject/oscillosope/prj/ipcore/async_fifo/async_fifo.v(line number: 162)] Elaborating instance U_ipml_fifo_async_fifo
I: Verilog-0003: [D:/pango/MyProject/oscillosope/prj/ipcore/async_fifo/rtl/ipml_fifo_v1_7_async_fifo.v(line number: 23)] Elaborating module ipml_fifo_v1_7_async_fifo
I: Module instance {top_module/u_ip_fifo/u_async_fifo/U_ipml_fifo_async_fifo} parameter value:
    c_SIM_DEVICE = LOGOS
    c_WR_DEPTH_WIDTH = 32'b00000000000000000000000000001010
    c_WR_DATA_WIDTH = 32'b00000000000000000000000000001000
    c_RD_DEPTH_WIDTH = 32'b00000000000000000000000000001010
    c_RD_DATA_WIDTH = 32'b00000000000000000000000000001000
    c_OUTPUT_REG = 32'b00000000000000000000000000000000
    c_RD_OCE_EN = 32'b00000000000000000000000000000000
    c_RESET_TYPE = ASYNC_RESET
    c_POWER_OPT = 32'b00000000000000000000000000000000
    c_RD_CLK_OR_POL_INV = 32'b00000000000000000000000000000000
    c_WR_BYTE_EN = 32'b00000000000000000000000000000000
    c_BE_WIDTH = 32'b00000000000000000000000000000001
    c_FIFO_TYPE = ASYN
    c_ALMOST_FULL_NUM = 32'b00000000000000000000001111111100
    c_ALMOST_EMPTY_NUM = 32'b00000000000000000000000000000100
I: Verilog-0004: [D:/pango/MyProject/oscillosope/prj/ipcore/async_fifo/rtl/ipml_fifo_v1_7_async_fifo.v(line number: 91)] Elaborating instance U_ipml_sdpram
I: Verilog-0003: [D:/pango/MyProject/oscillosope/prj/ipcore/async_fifo/rtl/ipml_sdpram_v1_6_async_fifo.v(line number: 18)] Elaborating module ipml_sdpram_v1_6_async_fifo
I: Module instance {top_module/u_ip_fifo/u_async_fifo/U_ipml_fifo_async_fifo/U_ipml_sdpram} parameter value:
    c_SIM_DEVICE = LOGOS
    c_WR_ADDR_WIDTH = 32'b00000000000000000000000000001010
    c_WR_DATA_WIDTH = 32'b00000000000000000000000000001000
    c_RD_ADDR_WIDTH = 32'b00000000000000000000000000001010
    c_RD_DATA_WIDTH = 32'b00000000000000000000000000001000
    c_OUTPUT_REG = 32'b00000000000000000000000000000000
    c_RD_OCE_EN = 32'b00000000000000000000000000000000
    c_WR_ADDR_STROBE_EN = 32'b00000000000000000000000000000000
    c_RD_ADDR_STROBE_EN = 32'b00000000000000000000000000000000
    c_WR_CLK_EN = 32'b00000000000000000000000000000001
    c_RD_CLK_EN = 32'b00000000000000000000000000000001
    c_RD_CLK_OR_POL_INV = 32'b00000000000000000000000000000000
    c_RESET_TYPE = ASYNC_RESET
    c_POWER_OPT = 32'b00000000000000000000000000000000
    c_INIT_FILE = NONE
    c_INIT_FORMAT = BIN
    c_WR_BYTE_EN = 32'b00000000000000000000000000000000
    c_BE_WIDTH = 32'b00000000000000000000000000000001
W: Verilog-2039: [D:/pango/MyProject/oscillosope/prj/ipcore/async_fifo/rtl/ipml_sdpram_v1_6_async_fifo.v(line number: 472)] Repeat multiplier in concatenation evaluates to 0
W: Verilog-2039: [D:/pango/MyProject/oscillosope/prj/ipcore/async_fifo/rtl/ipml_sdpram_v1_6_async_fifo.v(line number: 474)] Repeat multiplier in concatenation evaluates to 0
W: Verilog-2038: [D:/pango/MyProject/oscillosope/prj/ipcore/async_fifo/rtl/ipml_sdpram_v1_6_async_fifo.v(line number: 484)] Case condition never applies
W: Verilog-2038: [D:/pango/MyProject/oscillosope/prj/ipcore/async_fifo/rtl/ipml_sdpram_v1_6_async_fifo.v(line number: 485)] Case condition never applies
W: Verilog-2038: [D:/pango/MyProject/oscillosope/prj/ipcore/async_fifo/rtl/ipml_sdpram_v1_6_async_fifo.v(line number: 486)] Case condition never applies
W: Verilog-2039: [D:/pango/MyProject/oscillosope/prj/ipcore/async_fifo/rtl/ipml_sdpram_v1_6_async_fifo.v(line number: 620)] Repeat multiplier in concatenation evaluates to 0
W: Verilog-2038: [D:/pango/MyProject/oscillosope/prj/ipcore/async_fifo/rtl/ipml_sdpram_v1_6_async_fifo.v(line number: 680)] Case condition never applies
W: Verilog-2038: [D:/pango/MyProject/oscillosope/prj/ipcore/async_fifo/rtl/ipml_sdpram_v1_6_async_fifo.v(line number: 681)] Case condition never applies
W: Verilog-2038: [D:/pango/MyProject/oscillosope/prj/ipcore/async_fifo/rtl/ipml_sdpram_v1_6_async_fifo.v(line number: 682)] Case condition never applies
I: Verilog-0004: [D:/pango/MyProject/oscillosope/prj/ipcore/async_fifo/rtl/ipml_sdpram_v1_6_async_fifo.v(line number: 850)] Elaborating instance U_GTP_DRM9K
W: Verilog-2020: [D:/pango/MyProject/oscillosope/prj/ipcore/async_fifo/rtl/ipml_sdpram_v1_6_async_fifo.v(line number: 771)] Net DA_bus[8] in ipml_sdpram_v1_6_async_fifo(original module ipml_sdpram_v1_6_async_fifo) does not have a driver, tie it to 0
W: Verilog-2020: [D:/pango/MyProject/oscillosope/prj/ipcore/async_fifo/rtl/ipml_sdpram_v1_6_async_fifo.v(line number: 771)] Net DA_bus[9] in ipml_sdpram_v1_6_async_fifo(original module ipml_sdpram_v1_6_async_fifo) does not have a driver, tie it to 0
W: Verilog-2020: [D:/pango/MyProject/oscillosope/prj/ipcore/async_fifo/rtl/ipml_sdpram_v1_6_async_fifo.v(line number: 771)] Net DA_bus[10] in ipml_sdpram_v1_6_async_fifo(original module ipml_sdpram_v1_6_async_fifo) does not have a driver, tie it to 0
W: Verilog-2020: [D:/pango/MyProject/oscillosope/prj/ipcore/async_fifo/rtl/ipml_sdpram_v1_6_async_fifo.v(line number: 771)] Net DA_bus[11] in ipml_sdpram_v1_6_async_fifo(original module ipml_sdpram_v1_6_async_fifo) does not have a driver, tie it to 0
W: Verilog-2020: [D:/pango/MyProject/oscillosope/prj/ipcore/async_fifo/rtl/ipml_sdpram_v1_6_async_fifo.v(line number: 771)] Net DA_bus[12] in ipml_sdpram_v1_6_async_fifo(original module ipml_sdpram_v1_6_async_fifo) does not have a driver, tie it to 0
W: Verilog-2020: [D:/pango/MyProject/oscillosope/prj/ipcore/async_fifo/rtl/ipml_sdpram_v1_6_async_fifo.v(line number: 771)] Net DA_bus[13] in ipml_sdpram_v1_6_async_fifo(original module ipml_sdpram_v1_6_async_fifo) does not have a driver, tie it to 0
W: Verilog-2020: [D:/pango/MyProject/oscillosope/prj/ipcore/async_fifo/rtl/ipml_sdpram_v1_6_async_fifo.v(line number: 771)] Net DA_bus[14] in ipml_sdpram_v1_6_async_fifo(original module ipml_sdpram_v1_6_async_fifo) does not have a driver, tie it to 0
W: Verilog-2020: [D:/pango/MyProject/oscillosope/prj/ipcore/async_fifo/rtl/ipml_sdpram_v1_6_async_fifo.v(line number: 771)] Net DA_bus[15] in ipml_sdpram_v1_6_async_fifo(original module ipml_sdpram_v1_6_async_fifo) does not have a driver, tie it to 0
W: Verilog-2020: [D:/pango/MyProject/oscillosope/prj/ipcore/async_fifo/rtl/ipml_sdpram_v1_6_async_fifo.v(line number: 771)] Net DA_bus[16] in ipml_sdpram_v1_6_async_fifo(original module ipml_sdpram_v1_6_async_fifo) does not have a driver, tie it to 0
W: Verilog-2020: [D:/pango/MyProject/oscillosope/prj/ipcore/async_fifo/rtl/ipml_sdpram_v1_6_async_fifo.v(line number: 771)] Net DA_bus[17] in ipml_sdpram_v1_6_async_fifo(original module ipml_sdpram_v1_6_async_fifo) does not have a driver, tie it to 0
W: Verilog-2020: [D:/pango/MyProject/oscillosope/prj/ipcore/async_fifo/rtl/ipml_sdpram_v1_6_async_fifo.v(line number: 772)] Net DB_bus[8] in ipml_sdpram_v1_6_async_fifo(original module ipml_sdpram_v1_6_async_fifo) does not have a driver, tie it to 0
W: Verilog-2020: [D:/pango/MyProject/oscillosope/prj/ipcore/async_fifo/rtl/ipml_sdpram_v1_6_async_fifo.v(line number: 772)] Net DB_bus[9] in ipml_sdpram_v1_6_async_fifo(original module ipml_sdpram_v1_6_async_fifo) does not have a driver, tie it to 0
W: Verilog-2020: [D:/pango/MyProject/oscillosope/prj/ipcore/async_fifo/rtl/ipml_sdpram_v1_6_async_fifo.v(line number: 772)] Net DB_bus[10] in ipml_sdpram_v1_6_async_fifo(original module ipml_sdpram_v1_6_async_fifo) does not have a driver, tie it to 0
W: Verilog-2020: [D:/pango/MyProject/oscillosope/prj/ipcore/async_fifo/rtl/ipml_sdpram_v1_6_async_fifo.v(line number: 772)] Net DB_bus[11] in ipml_sdpram_v1_6_async_fifo(original module ipml_sdpram_v1_6_async_fifo) does not have a driver, tie it to 0
W: Verilog-2020: [D:/pango/MyProject/oscillosope/prj/ipcore/async_fifo/rtl/ipml_sdpram_v1_6_async_fifo.v(line number: 772)] Net DB_bus[12] in ipml_sdpram_v1_6_async_fifo(original module ipml_sdpram_v1_6_async_fifo) does not have a driver, tie it to 0
W: Verilog-2020: [D:/pango/MyProject/oscillosope/prj/ipcore/async_fifo/rtl/ipml_sdpram_v1_6_async_fifo.v(line number: 772)] Net DB_bus[13] in ipml_sdpram_v1_6_async_fifo(original module ipml_sdpram_v1_6_async_fifo) does not have a driver, tie it to 0
W: Verilog-2020: [D:/pango/MyProject/oscillosope/prj/ipcore/async_fifo/rtl/ipml_sdpram_v1_6_async_fifo.v(line number: 772)] Net DB_bus[14] in ipml_sdpram_v1_6_async_fifo(original module ipml_sdpram_v1_6_async_fifo) does not have a driver, tie it to 0
W: Verilog-2020: [D:/pango/MyProject/oscillosope/prj/ipcore/async_fifo/rtl/ipml_sdpram_v1_6_async_fifo.v(line number: 772)] Net DB_bus[15] in ipml_sdpram_v1_6_async_fifo(original module ipml_sdpram_v1_6_async_fifo) does not have a driver, tie it to 0
W: Verilog-2020: [D:/pango/MyProject/oscillosope/prj/ipcore/async_fifo/rtl/ipml_sdpram_v1_6_async_fifo.v(line number: 772)] Net DB_bus[16] in ipml_sdpram_v1_6_async_fifo(original module ipml_sdpram_v1_6_async_fifo) does not have a driver, tie it to 0
W: Verilog-2020: [D:/pango/MyProject/oscillosope/prj/ipcore/async_fifo/rtl/ipml_sdpram_v1_6_async_fifo.v(line number: 772)] Net DB_bus[17] in ipml_sdpram_v1_6_async_fifo(original module ipml_sdpram_v1_6_async_fifo) does not have a driver, tie it to 0
I: Verilog-0004: [D:/pango/MyProject/oscillosope/prj/ipcore/async_fifo/rtl/ipml_fifo_v1_7_async_fifo.v(line number: 119)] Elaborating instance U_ipml_fifo_ctrl
I: Verilog-0003: [D:/pango/MyProject/oscillosope/prj/ipcore/async_fifo/rtl/ipml_fifo_ctrl_v1_4_async_fifo.v(line number: 22)] Elaborating module ipml_fifo_ctrl_v1_4_async_fifo
I: Module instance {top_module/u_ip_fifo/u_async_fifo/U_ipml_fifo_async_fifo/U_ipml_fifo_ctrl} parameter value:
    c_WR_DEPTH_WIDTH = 32'b00000000000000000000000000001010
    c_RD_DEPTH_WIDTH = 32'b00000000000000000000000000001010
    c_FIFO_TYPE = ASYN
    c_ALMOST_FULL_NUM = 32'b00000000000000000000001111111100
    c_ALMOST_EMPTY_NUM = 32'b00000000000000000000000000000100
W: Verilog-2039: [D:/pango/MyProject/oscillosope/prj/ipcore/async_fifo/rtl/ipml_fifo_ctrl_v1_4_async_fifo.v(line number: 201)] Repeat multiplier in concatenation evaluates to 0
I: Verilog-0004: [D:/pango/MyProject/oscillosope/rtl/top_module.v(line number: 105)] Elaborating instance u_adc_rd
I: Verilog-0003: [D:/pango/MyProject/oscillosope/rtl/adc_rd.v(line number: 1)] Elaborating module adc_rd
I: Module instance {top_module/u_adc_rd} parameter value:
    REAL_SIGN_H = 3'b000
    REAL_SIGN_L = 3'b000
    EQUI_SIGN_H = 3'b000
    EQUI_SIGN_L = 3'b000
    ADC_F = 32'b00001011111010111100001000000000
    REAL_F_MIN = 32'b00000000000000000000000000101000
    REAL_F_DIV = 32'b00000000010011000100101101000000
    EQUI_F_MAX = 32'b00000000000011110100001001000000
    EQUI_F_DIV = 32'b00000000000000000000000011001000
    TIME_500ms = 5'b00000
    TIME_200ms = 5'b00001
    TIME_100ms = 5'b00010
    TIME_50ms = 5'b00011
    TIME_20ms = 5'b00100
    TIME_10ms = 5'b00101
    TIME_5ms = 5'b00110
    TIME_2ms = 5'b00111
    TIME_1ms = 5'b01000
    TIME_500us = 5'b01001
    TIME_200us = 5'b01010
    TIME_100us = 5'b01011
    TIME_50us = 5'b01100
    TIME_20us = 5'b01101
    TIME_10us = 5'b01110
    TIME_5us = 5'b01111
    TIME_2us = 5'b10000
    TIME_1us = 5'b10001
    TIME_500ns = 5'b10010
    TIME_200ns = 5'b10011
    TIME_100ns = 5'b10100
W: Verilog-2042: [D:/pango/MyProject/oscillosope/rtl/adc_rd.v(line number: 173)] real 1999999.000000 rounded to int 1999999, which maybe cause simulation mismatch
I: Verilog-0004: [D:/pango/MyProject/oscillosope/rtl/top_module.v(line number: 125)] Elaborating instance u_spi_drive
I: Verilog-0003: [D:/pango/MyProject/oscillosope/rtl/my_spi_drive.v(line number: 1)] Elaborating module spi_drive
I: Module instance {top_module/u_spi_drive} parameter value:
    IDLE = 32'b00000000000000000000000000000000
    TRANSFORM = 32'b00000000000000000000000000000001
    DATA_LEN = 32'b00000000000000000000000000001000
    POINT_NUM = 32'b00000000000000000000000110010000
    DATA_NUM = 32'b00000000000000000000001100100000
    DATA_BIT_TOTAL = 32'b00000000000000000001100100000000
I: Verilog-0004: [D:/pango/MyProject/oscillosope/rtl/top_module.v(line number: 138)] Elaborating instance u_state_control
I: Verilog-0003: [D:/pango/MyProject/oscillosope/rtl/state_control.v(line number: 1)] Elaborating module state_control
I: Module instance {top_module/u_state_control} parameter value:
    RUN = 2'b00
    SINGLE = 2'b01
    PAUSE = 2'b10
    TIME_STATE_MAX = 5'b10100
    TIME_STATE_MIN = 5'b00011
    AMPL_STATE_MAX = 4'b1000
    AMPL_STATE_MIN = 4'b0001
I: Verilog-0004: [D:/pango/MyProject/oscillosope/rtl/state_control.v(line number: 78)] Elaborating instance u_key_debounce_single
I: Verilog-0003: [D:/pango/MyProject/oscillosope/rtl/key_debounce.v(line number: 1)] Elaborating module key_debounce
I: Module instance {top_module/u_state_control/u_key_debounce_single} parameter value:
    CNT_MAX = 20'b11000100101101000000
I: Verilog-0004: [D:/pango/MyProject/oscillosope/rtl/state_control.v(line number: 86)] Elaborating instance u_key_debounce_run
I: Verilog-0003: [D:/pango/MyProject/oscillosope/rtl/key_debounce.v(line number: 1)] Elaborating module key_debounce
I: Module instance {top_module/u_state_control/u_key_debounce_run} parameter value:
    CNT_MAX = 20'b11000100101101000000
I: Verilog-0004: [D:/pango/MyProject/oscillosope/rtl/state_control.v(line number: 183)] Elaborating instance u_encoder_drive_time
I: Verilog-0003: [D:/pango/MyProject/oscillosope/rtl/encoder_drive.v(line number: 1)] Elaborating module encoder_drive
I: Verilog-0004: [D:/pango/MyProject/oscillosope/rtl/state_control.v(line number: 252)] Elaborating instance u_encoder_drive_ampl
I: Verilog-0003: [D:/pango/MyProject/oscillosope/rtl/encoder_drive.v(line number: 1)] Elaborating module encoder_drive
I: Verilog-0004: [D:/pango/MyProject/oscillosope/rtl/state_control.v(line number: 280)] Elaborating instance u_key_debounce_force_trig
I: Verilog-0003: [D:/pango/MyProject/oscillosope/rtl/key_debounce.v(line number: 1)] Elaborating module key_debounce
I: Module instance {top_module/u_state_control/u_key_debounce_force_trig} parameter value:
    CNT_MAX = 20'b11000100101101000000
I: Verilog-0004: [D:/pango/MyProject/oscillosope/rtl/top_module.v(line number: 162)] Elaborating instance u_pll_clk
I: Verilog-0003: [D:/pango/MyProject/oscillosope/prj/ipcore/pll_clk/pll_clk.v(line number: 18)] Elaborating module pll_clk
I: Verilog-0004: [D:/pango/MyProject/oscillosope/prj/ipcore/pll_clk/pll_clk.v(line number: 232)] Elaborating instance u_pll_e3
W: Verilog-2021: [D:/pango/MyProject/oscillosope/prj/ipcore/pll_clk/pll_clk.v(line number: 119)] Net clkfb in pll_clk(original module pll_clk) does not have a driver, tie it to 0
W: Verilog-2021: [D:/pango/MyProject/oscillosope/prj/ipcore/pll_clk/pll_clk.v(line number: 122)] Net pfden in pll_clk(original module pll_clk) does not have a driver, tie it to 0
W: Verilog-2021: [D:/pango/MyProject/oscillosope/prj/ipcore/pll_clk/pll_clk.v(line number: 123)] Net clkout0_gate in pll_clk(original module pll_clk) does not have a driver, tie it to 0
W: Verilog-2021: [D:/pango/MyProject/oscillosope/prj/ipcore/pll_clk/pll_clk.v(line number: 124)] Net clkout0_2pad_gate in pll_clk(original module pll_clk) does not have a driver, tie it to 0
W: Verilog-2021: [D:/pango/MyProject/oscillosope/prj/ipcore/pll_clk/pll_clk.v(line number: 125)] Net clkout1_gate in pll_clk(original module pll_clk) does not have a driver, tie it to 0
W: Verilog-2021: [D:/pango/MyProject/oscillosope/prj/ipcore/pll_clk/pll_clk.v(line number: 126)] Net clkout2_gate in pll_clk(original module pll_clk) does not have a driver, tie it to 0
W: Verilog-2021: [D:/pango/MyProject/oscillosope/prj/ipcore/pll_clk/pll_clk.v(line number: 127)] Net clkout3_gate in pll_clk(original module pll_clk) does not have a driver, tie it to 0
W: Verilog-2021: [D:/pango/MyProject/oscillosope/prj/ipcore/pll_clk/pll_clk.v(line number: 128)] Net clkout4_gate in pll_clk(original module pll_clk) does not have a driver, tie it to 0
W: Verilog-2021: [D:/pango/MyProject/oscillosope/prj/ipcore/pll_clk/pll_clk.v(line number: 129)] Net clkout5_gate in pll_clk(original module pll_clk) does not have a driver, tie it to 0
W: Verilog-2021: [D:/pango/MyProject/oscillosope/prj/ipcore/pll_clk/pll_clk.v(line number: 130)] Net dyn_idiv in pll_clk(original module pll_clk) does not have a driver, tie it to 0
W: Verilog-2021: [D:/pango/MyProject/oscillosope/prj/ipcore/pll_clk/pll_clk.v(line number: 131)] Net dyn_odiv0 in pll_clk(original module pll_clk) does not have a driver, tie it to 0
W: Verilog-2021: [D:/pango/MyProject/oscillosope/prj/ipcore/pll_clk/pll_clk.v(line number: 132)] Net dyn_odiv1 in pll_clk(original module pll_clk) does not have a driver, tie it to 0
W: Verilog-2021: [D:/pango/MyProject/oscillosope/prj/ipcore/pll_clk/pll_clk.v(line number: 133)] Net dyn_odiv2 in pll_clk(original module pll_clk) does not have a driver, tie it to 0
W: Verilog-2021: [D:/pango/MyProject/oscillosope/prj/ipcore/pll_clk/pll_clk.v(line number: 134)] Net dyn_odiv3 in pll_clk(original module pll_clk) does not have a driver, tie it to 0
W: Verilog-2021: [D:/pango/MyProject/oscillosope/prj/ipcore/pll_clk/pll_clk.v(line number: 135)] Net dyn_odiv4 in pll_clk(original module pll_clk) does not have a driver, tie it to 0
W: Verilog-2021: [D:/pango/MyProject/oscillosope/prj/ipcore/pll_clk/pll_clk.v(line number: 136)] Net dyn_fdiv in pll_clk(original module pll_clk) does not have a driver, tie it to 0
W: Verilog-2021: [D:/pango/MyProject/oscillosope/prj/ipcore/pll_clk/pll_clk.v(line number: 137)] Net dyn_duty0 in pll_clk(original module pll_clk) does not have a driver, tie it to 0
W: Verilog-2021: [D:/pango/MyProject/oscillosope/prj/ipcore/pll_clk/pll_clk.v(line number: 138)] Net dyn_duty1 in pll_clk(original module pll_clk) does not have a driver, tie it to 0
W: Verilog-2021: [D:/pango/MyProject/oscillosope/prj/ipcore/pll_clk/pll_clk.v(line number: 139)] Net dyn_duty2 in pll_clk(original module pll_clk) does not have a driver, tie it to 0
W: Verilog-2021: [D:/pango/MyProject/oscillosope/prj/ipcore/pll_clk/pll_clk.v(line number: 140)] Net dyn_duty3 in pll_clk(original module pll_clk) does not have a driver, tie it to 0
W: Verilog-2021: [D:/pango/MyProject/oscillosope/prj/ipcore/pll_clk/pll_clk.v(line number: 141)] Net dyn_duty4 in pll_clk(original module pll_clk) does not have a driver, tie it to 0
Executing : rtl-elaborate successfully. Time elapsed: 0.032s wall, 0.016s user + 0.016s system = 0.031s CPU (96.9%)

Start rtl-prep.
Executing : rtl-prep successfully. Time elapsed: 0.041s wall, 0.031s user + 0.000s system = 0.031s CPU (76.3%)

Start rtl-infer.
Start DFF-inference.
W: Sdm-2014: [D:/pango/MyProject/oscillosope/rtl/adc_rd.v(line number: 11)] Feedback mux created for signal 'Sa_clk'. It is possible a async set/reset assignment for this is signal missing. To improve timing and area, specify a set/reset value. 
W: Sdm-2014: [D:/pango/MyProject/oscillosope/rtl/adc_rd.v(line number: 69)] Feedback mux created for signal 'time_state0'. It is possible a async set/reset assignment for this is signal missing. To improve timing and area, specify a set/reset value. 
W: Sdm-2004: [D:/pango/MyProject/oscillosope/rtl/my_spi_drive.v(line number: 33)] Latch is generated for signal next_state, possible missing assignment in an if or case statement.
W: Sdm-2014: [D:/pango/MyProject/oscillosope/rtl/ip_fifo.v(line number: 53)] Feedback mux created for signal 'fifo_wr_data'. It is possible a async set/reset assignment for this is signal missing. To improve timing and area, specify a set/reset value. 
W: Sdm-2004: [D:/pango/MyProject/oscillosope/rtl/ip_fifo.v(line number: 48)] Latch is generated for signal next_state, possible missing assignment in an if or case statement.
Executing : DFF-inference successfully.
I: Removed inst spi_clk3 that is redundant to spi_clk1.
I: Removed inst spi_clk2 that is redundant to spi_clk0.
Executing : rtl-infer successfully. Time elapsed: 0.439s wall, 0.297s user + 0.109s system = 0.406s CPU (92.6%)

Start rtl-control-opt.
Executing : rtl-control-opt successfully. Time elapsed: 0.008s wall, 0.000s user + 0.000s system = 0.000s CPU (n/a%)

Start rtl-data-opt.
Executing : rtl-data-opt successfully. Time elapsed: 0.043s wall, 0.031s user + 0.000s system = 0.031s CPU (73.1%)

Start FSM inference.
I: FSM meas_state_fsm[1:0] inferred.
Executing : FSM inference successfully. Time elapsed: 0.013s wall, 0.016s user + 0.000s system = 0.016s CPU (121.8%)

Start sdm2adm.
W: Loop was found during constant probe.
W: Loop was found during constant probe.
W: Loop was found during constant probe.
W: Loop was found during constant probe.
W: Loop was found during constant probe.
I: Constant propagation done on N76 (bmsWIDEMUX).
I: Constant propagation done on N65 (bmsPMUX).
I: Constant propagation done on N191_1 (bmsPMUX).
I: Constant propagation done on N203_1 (bmsPMUX).
I: Constant propagation done on N215_2 (bmsWIDEMUX).
W: Loop was found during constant probe.
W: Loop was found during constant probe.
W: Loop was found during constant probe.
W: Loop was found during constant probe.
I: Constant propagation done on N97 (bmsWIDEMUX).
W: Loop was found during constant probe.
W: Loop was found during constant probe.
W: Loop was found during constant probe.
W: Loop was found during constant probe.
W: Loop was found during constant probe.
W: Loop was found during constant probe.
W: Loop was found during constant probe.
I: Constant propagation done on N3223_1 (bmsWIDEMUX).
I: Constant propagation done on N2555 (bmsWIDEMUX).
I: Constant propagation done on N2175 (bmsWIDEMUX).
I: Constant propagation done on N2972 (bmsWIDEMUX).
W: Loop was found during constant probe.
W: Loop was found during constant probe.
W: Loop was found during constant probe.
W: Loop was found during constant probe.
W: Loop was found during constant probe.
W: Loop was found during constant probe.
W: Loop was found during constant probe.
W: Loop was found during constant probe.
W: Loop was found during constant probe.
W: Loop was found during constant probe.
W: Loop was found during constant probe.
W: Loop was found during constant probe.
W: Loop was found during constant probe.
Executing : sdm2adm successfully. Time elapsed: 0.070s wall, 0.062s user + 0.000s system = 0.062s CPU (89.1%)

Saving design to DB.
Action compile: Real time elapsed is 0h:0m:4s
Action compile: CPU time elapsed is 0h:0m:1s
Action compile: Process CPU time elapsed is 0h:0m:1s
Current time: Fri Jul  5 01:32:26 2024
Action compile: Peak memory pool usage is 145 MB
