#Build: Fabric Compiler 2022.2-SP4.2, Build 132111, Aug 13 06:22 2023
#Install: D:\pango\PDS_2022.2-SP4.2-ads\bin
#Application name: pds_shell.exe
#OS: Windows 10 10.0.22631
#Hostname: xiao
Generated by Fabric Compiler (version 2022.2-SP4.2 build 132111) at Fri Jul  5 01:35:35 2024
License checkout: fabric_ads from D:\pango\PDS_2022.2-SP4.2-ads\license\new_pds_584120290F2C.lic
Compiling verification operator library.
Compiling common defs.
Loading technology operator library.
Compiling technology operator library.
Compiling technology operator (valence) library.
Reading design from compile DB
Reading design from compile DB successfully.
Constraint check start.
Compiling prim grid devices.
Building architecture model.
Loading device packaging model.
Building architecture floorplan logic view.
C: ConstraintEditor-2002: [D:/pango/MyProject/oscillosope/prj/oscillosope.fdc(line number: 111)] | Port meas_state[1] has been placed at location V13, whose type is share pin.
C: ConstraintEditor-2002: [D:/pango/MyProject/oscillosope/prj/oscillosope.fdc(line number: 118)] | Port meas_state[0] has been placed at location T8, whose type is share pin.
C: ConstraintEditor-2002: [D:/pango/MyProject/oscillosope/prj/oscillosope.fdc(line number: 153)] | Port time_state[0] has been placed at location U13, whose type is share pin.
C: ConstraintEditor-2002: [D:/pango/MyProject/oscillosope/prj/oscillosope.fdc(line number: 172)] | Port spi_miso has been placed at location R5, whose type is share pin.
C: ConstraintEditor-2002: [D:/pango/MyProject/oscillosope/prj/oscillosope.fdc(line number: 214)] | Port key_force_trig has been placed at location P6, whose type is share pin.
C: ConstraintEditor-2002: [D:/pango/MyProject/oscillosope/prj/oscillosope.fdc(line number: 239)] | Port spi_mosi has been placed at location T5, whose type is share pin.
C: ConstraintEditor-2002: [D:/pango/MyProject/oscillosope/prj/oscillosope.fdc(line number: 249)] | Port state_change_flag has been placed at location R8, whose type is share pin.
Constraint check end.

C: SDC-2025: Clock source 'n:u_spi_drive/N297' need a clock constraint, please use 'create_clock' or 'create_generate_clock' to generate.
C: SDC-2025: Clock source 'n:u_ip_fifo/N568' need a clock constraint, please use 'create_clock' or 'create_generate_clock' to generate.
C: SDC-2025: Clock source 'n:sys_clk' need a clock constraint, please use 'create_clock' or 'create_generate_clock' to generate.
Executing : get_ports sys_clk
Executing : get_ports sys_clk successfully.
Executing : create_clock -name top_module|sys_clk [get_ports sys_clk] -period 1000.000 -waveform {0.000 500.000} -add
Executing : create_clock -name top_module|sys_clk [get_ports sys_clk] -period 1000.000 -waveform {0.000 500.000} -add successfully.
Executing : set_clock_groups -name Inferred_clock_group_0 -asynchronous -group top_module|sys_clk
Executing : set_clock_groups -name Inferred_clock_group_0 -asynchronous -group top_module|sys_clk successfully.
C: SDC-2025: Clock source 'n:u_pll_clk/clkout1' need a clock constraint, please use 'create_clock' or 'create_generate_clock' to generate.
Executing : get_pins u_pll_clk/u_pll_e3:CLKOUT1
Executing : get_pins u_pll_clk/u_pll_e3:CLKOUT1 successfully.
Executing : create_clock -name pll_clk|u_pll_clk/u_pll_e3/CLKOUT1 [get_pins u_pll_clk/u_pll_e3:CLKOUT1] -period 1000.000 -waveform {0.000 500.000} -add
Executing : create_clock -name pll_clk|u_pll_clk/u_pll_e3/CLKOUT1 [get_pins u_pll_clk/u_pll_e3:CLKOUT1] -period 1000.000 -waveform {0.000 500.000} -add successfully.
Executing : set_clock_groups -name Inferred_clock_group_1 -asynchronous -group pll_clk|u_pll_clk/u_pll_e3/CLKOUT1
Executing : set_clock_groups -name Inferred_clock_group_1 -asynchronous -group pll_clk|u_pll_clk/u_pll_e3/CLKOUT1 successfully.
Start pre-mapping.
I: Removed bmsMULT inst N825 that is redundant to N638
I: Removed bmsMULT inst N1012 that is redundant to N638
I: Removed bmsMULT inst N451 that is redundant to N264
I: Constant propagation done on u_adc_rd/N3226 (bmsWIDEMUX).
I: Constant propagation done on u_ip_fifo/N410 (bmsREDAND).
I: Constant propagation done on u_ip_fifo/N419 (bmsREDAND).
I: Constant propagation done on u_ip_fifo/N431 (bmsREDAND).
I: Constant propagation done on u_ip_fifo/N434 (bmsREDAND).
I: Encoding type of FSM 'meas_state_fsm[1:0]' is: onehot.
I: Encoding table of FSM 'meas_state_fsm[1:0]':
I: from  u_state_control/meas_state[1] u_state_control/meas_state[0]
I: to  u_state_control/meas_state_reg[2] u_state_control/meas_state_reg[1] u_state_control/meas_state_reg[0]
I: 00 => 001
I: 01 => 010
I: 10 => 100
I: Constant propagation done on u_state_control/N216 (bmsREDOR).
I: Constant propagation done on u_state_control/meas_state_fsm[1:0]_10 (bmsREDOR).
W: Removed bmsWIDEDFFCPE inst Sa_cd_max[23:0] at 0 that is stuck at constant 0.
I: Constant propagation done on u_adc_rd/Sa_cd_max[23:0] (bmsWIDEDFFCPE).
W: Removed bmsWIDEDFFCPE inst ad_data_H_1[7:0] at 5 that is stuck at constant 0.
I: Constant propagation done on u_adc_rd/ad_data_H_1[7:0] (bmsWIDEDFFCPE).
W: Removed bmsWIDEDFFCPE inst ad_data_L_1[7:0] at 5 that is stuck at constant 0.
I: Constant propagation done on u_adc_rd/ad_data_L_1[7:0] (bmsWIDEDFFCPE).
W: Removed bmsWIDEDFFCPE inst clk_max[23:0] at 1 that is stuck at constant 0.
W: Removed bmsWIDEDFFCPE inst dclk_max[23:0] at 15 that is stuck at constant 0.
W: Removed bmsWIDEDFFCPE inst point_max[7:0] at 0 that is stuck at constant 0.
W: Removed bmsWIDEDFFCPE inst round_max[7:0] at 0 that is stuck at constant 0.
Executing : pre-mapping successfully. Time elapsed: 0.135s wall, 0.062s user + 0.000s system = 0.062s CPU (46.3%)

Start mod-gen.
W: Removed bmsWIDEDFFRSE inst u_ip_fifo/fifo_wr_data[7:0] at 5 that is stuck at constant 0.
W: Removed bmsWIDEDFFRSE inst u_ip_fifo/fifo_wr_data[7:0] at 6 that is stuck at constant 0.
W: Removed bmsWIDEDFFRSE inst u_ip_fifo/fifo_wr_data[7:0] at 7 that is stuck at constant 0.
I: Removed bmsWIDEDFFCPE inst u_force_trig/trigger0 that is redundant to u_f_measure/trigger0
I: Removed bmsWIDEDFFCPE inst u_force_trig/trigger1 that is redundant to u_f_measure/trigger1
W: Public-4008: Instance 'u_spi_drive/next_state[2]' of 'GTP_DLATCH' unit is dangling and will be cleaned.
W: Public-4008: Instance 'u_spi_drive/next_state[3]' of 'GTP_DLATCH' unit is dangling and will be cleaned.
W: Removed GTP_DLATCH inst u_ip_fifo/next_state[0] that is stuck at constant 0.
W: Removed GTP_DLATCH inst u_spi_drive/next_state[1] that is stuck at constant 0.
W: Removed bmsWIDEDFFPATCE inst u_ip_fifo/current_state[3:0] at 0 that is stuck at constant 0.
W: Removed bmsWIDEDFFCPE inst u_spi_drive/current_state[3:0] at 1 that is stuck at constant 0.
Executing : mod-gen successfully. Time elapsed: 0.410s wall, 0.297s user + 0.000s system = 0.297s CPU (72.5%)

Start logic-optimization.
W: Removed bmsWIDEDFFCPE inst u_output_shaping/gate_set_cnt[3:0] at 3 that is stuck at constant 0.
Executing : logic-optimization successfully. Time elapsed: 0.757s wall, 0.656s user + 0.047s system = 0.703s CPU (92.9%)

Start tech-mapping phase 1.
W: Public-4008: Instance 'u_adc_rd/Sa_cd_max[0]' of 'bmsWIDEDFFCPE' unit is dangling and will be cleaned.
W: Public-4008: Instance 'u_adc_rd/Sa_cd_max[1]' of 'bmsWIDEDFFCPE' unit is dangling and will be cleaned.
W: Public-4008: Instance 'u_adc_rd/Sa_cd_max[2]' of 'bmsWIDEDFFCPE' unit is dangling and will be cleaned.
W: Public-4008: Instance 'u_adc_rd/Sa_cd_max[4]' of 'bmsWIDEDFFCPE' unit is dangling and will be cleaned.
W: Public-4008: Instance 'u_adc_rd/Sa_cd_max[5]' of 'bmsWIDEDFFCPE' unit is dangling and will be cleaned.
W: Public-4008: Instance 'u_adc_rd/Sa_cd_max[6]' of 'bmsWIDEDFFCPE' unit is dangling and will be cleaned.
W: Public-4008: Instance 'u_adc_rd/Sa_cd_max[7]' of 'bmsWIDEDFFCPE' unit is dangling and will be cleaned.
W: Public-4008: Instance 'u_adc_rd/Sa_cd_max[8]' of 'bmsWIDEDFFCPE' unit is dangling and will be cleaned.
W: Public-4008: Instance 'u_adc_rd/Sa_cd_max[9]' of 'bmsWIDEDFFCPE' unit is dangling and will be cleaned.
W: Public-4008: Instance 'u_adc_rd/Sa_cd_max[10]' of 'bmsWIDEDFFCPE' unit is dangling and will be cleaned.
W: Public-4008: Instance 'u_adc_rd/Sa_cd_max[11]' of 'bmsWIDEDFFCPE' unit is dangling and will be cleaned.
W: Public-4008: Instance 'u_adc_rd/Sa_cd_max[12]' of 'bmsWIDEDFFCPE' unit is dangling and will be cleaned.
W: Public-4008: Instance 'u_adc_rd/Sa_cd_max[13]' of 'bmsWIDEDFFCPE' unit is dangling and will be cleaned.
W: Public-4008: Instance 'u_adc_rd/Sa_cd_max[14]' of 'bmsWIDEDFFCPE' unit is dangling and will be cleaned.
W: Public-4008: Instance 'u_adc_rd/Sa_cd_max[15]' of 'bmsWIDEDFFCPE' unit is dangling and will be cleaned.
W: Public-4008: Instance 'u_adc_rd/Sa_cd_max[16]' of 'bmsWIDEDFFCPE' unit is dangling and will be cleaned.
W: Public-4008: Instance 'u_adc_rd/Sa_cd_max[17]' of 'bmsWIDEDFFCPE' unit is dangling and will be cleaned.
W: Public-4008: Instance 'u_adc_rd/Sa_cd_max[18]' of 'bmsWIDEDFFCPE' unit is dangling and will be cleaned.
W: Public-4008: Instance 'u_adc_rd/Sa_cd_max[19]' of 'bmsWIDEDFFCPE' unit is dangling and will be cleaned.
W: Public-4008: Instance 'u_adc_rd/Sa_cd_max[20]' of 'bmsWIDEDFFCPE' unit is dangling and will be cleaned.
W: Public-4008: Instance 'u_adc_rd/Sa_cd_max[21]' of 'bmsWIDEDFFCPE' unit is dangling and will be cleaned.
W: Public-4008: Instance 'u_adc_rd/Sa_cd_max[22]' of 'bmsWIDEDFFCPE' unit is dangling and will be cleaned.
W: Public-4008: Instance 'u_adc_rd/Sa_cd_max[23]' of 'bmsWIDEDFFCPE' unit is dangling and will be cleaned.
W: Public-4008: Instance 'u_adc_rd/ad_data_H_1[5]' of 'bmsWIDEDFFCPE' unit is dangling and will be cleaned.
W: Public-4008: Instance 'u_adc_rd/ad_data_H_1[6]' of 'bmsWIDEDFFCPE' unit is dangling and will be cleaned.
W: Public-4008: Instance 'u_adc_rd/ad_data_H_1[7]' of 'bmsWIDEDFFCPE' unit is dangling and will be cleaned.
W: Public-4008: Instance 'u_adc_rd/ad_data_L_1[5]' of 'bmsWIDEDFFCPE' unit is dangling and will be cleaned.
W: Public-4008: Instance 'u_adc_rd/ad_data_L_1[6]' of 'bmsWIDEDFFCPE' unit is dangling and will be cleaned.
W: Public-4008: Instance 'u_adc_rd/ad_data_L_1[7]' of 'bmsWIDEDFFCPE' unit is dangling and will be cleaned.
W: Public-4008: Instance 'u_adc_rd/clk_max[1]' of 'bmsWIDEDFFCPE' unit is dangling and will be cleaned.
W: Public-4008: Instance 'u_adc_rd/clk_max[21]' of 'bmsWIDEDFFCPE' unit is dangling and will be cleaned.
W: Public-4008: Instance 'u_adc_rd/clk_max[23]' of 'bmsWIDEDFFCPE' unit is dangling and will be cleaned.
W: Public-4008: Instance 'u_adc_rd/dclk_max[15]' of 'bmsWIDEDFFCPE' unit is dangling and will be cleaned.
W: Public-4008: Instance 'u_adc_rd/dclk_max[16]' of 'bmsWIDEDFFCPE' unit is dangling and will be cleaned.
W: Public-4008: Instance 'u_adc_rd/dclk_max[17]' of 'bmsWIDEDFFCPE' unit is dangling and will be cleaned.
W: Public-4008: Instance 'u_adc_rd/dclk_max[18]' of 'bmsWIDEDFFCPE' unit is dangling and will be cleaned.
W: Public-4008: Instance 'u_adc_rd/dclk_max[19]' of 'bmsWIDEDFFCPE' unit is dangling and will be cleaned.
W: Public-4008: Instance 'u_adc_rd/dclk_max[20]' of 'bmsWIDEDFFCPE' unit is dangling and will be cleaned.
W: Public-4008: Instance 'u_adc_rd/dclk_max[21]' of 'bmsWIDEDFFCPE' unit is dangling and will be cleaned.
W: Public-4008: Instance 'u_adc_rd/dclk_max[22]' of 'bmsWIDEDFFCPE' unit is dangling and will be cleaned.
W: Public-4008: Instance 'u_adc_rd/dclk_max[23]' of 'bmsWIDEDFFCPE' unit is dangling and will be cleaned.
W: Public-4008: Instance 'u_adc_rd/point_max[0]' of 'bmsWIDEDFFCPE' unit is dangling and will be cleaned.
W: Public-4008: Instance 'u_adc_rd/round_max[0]' of 'bmsWIDEDFFCPE' unit is dangling and will be cleaned.
W: Public-4008: Instance 'u_ip_fifo/current_state[0]' of 'bmsWIDEDFFCPE' unit is dangling and will be cleaned.
W: Public-4008: Instance 'u_ip_fifo/fifo_wr_data[5]' of 'bmsWIDEDFFRSE' unit is dangling and will be cleaned.
W: Public-4008: Instance 'u_ip_fifo/fifo_wr_data[6]' of 'bmsWIDEDFFRSE' unit is dangling and will be cleaned.
W: Public-4008: Instance 'u_ip_fifo/fifo_wr_data[7]' of 'bmsWIDEDFFRSE' unit is dangling and will be cleaned.
W: Public-4008: Instance 'u_output_shaping/gate_set_cnt[3]' of 'bmsWIDEDFFCPE' unit is dangling and will be cleaned.
W: Public-4008: Instance 'u_spi_drive/current_state[1]' of 'bmsWIDEDFFCPE' unit is dangling and will be cleaned.
W: Public-4008: Instance 'u_spi_drive/current_state[2]' of 'bmsWIDEDFFCPE' unit is dangling and will be cleaned.
W: Public-4008: Instance 'u_spi_drive/current_state[3]' of 'bmsWIDEDFFCPE' unit is dangling and will be cleaned.
I: Removed GTP_DFF_CE inst u_adc_rd/round_max[2] that is redundant to u_adc_rd/point_max[2]
I: Removed GTP_DFF_CE inst u_adc_rd/round_max[4] that is redundant to u_adc_rd/point_max[4]
Executing : tech-mapping phase 1 successfully. Time elapsed: 0.106s wall, 0.094s user + 0.000s system = 0.094s CPU (88.6%)

Start tech-mapping phase 2.
Executing : tech-mapping phase 2 successfully. Time elapsed: 1.157s wall, 0.859s user + 0.016s system = 0.875s CPU (75.6%)

Start tech-optimization.
Executing : tech-optimization successfully. Time elapsed: 0.138s wall, 0.078s user + 0.000s system = 0.078s CPU (56.8%)

Start phys-optimization.
Executing : phys-optimization successfully. Time elapsed: 0.000s wall, 0.000s user + 0.000s system = 0.000s CPU (n/a%)

Start restore-hierarchy.
Executing : restore-hierarchy successfully. Time elapsed: 0.090s wall, 0.078s user + 0.000s system = 0.078s CPU (86.7%)


Cell Usage:
GTP_APM_E1 (SIMD)           1 use
GTP_DFF_C                   276 uses
GTP_DFF_CE                  578 uses
GTP_DFF_E                    11 uses
GTP_DFF_P                    12 uses
GTP_DFF_PE                    4 uses
GTP_DLATCH                    4 uses
GTP_DRM9K                     1 use
GTP_GRS                       1 use
GTP_INV                       4 uses
GTP_LUT2                    156 uses
GTP_LUT3                    127 uses
GTP_LUT4                    125 uses
GTP_LUT5                    256 uses
GTP_LUT5CARRY               625 uses
GTP_LUT5M                   116 uses
GTP_PLL_E3                    1 use
GTP_ROM32X1                  25 uses

I/O ports: 43
GTP_INBUF                  24 uses
GTP_OUTBUF                 19 uses

Mapping Summary:
Total LUTs: 1430 of 22560 (6.34%)
	LUTs as dram: 0 of 7568 (0.00%)
	LUTs as logic: 1430
Total Registers: 881 of 33840 (2.60%)
Total Latches: 4

DRM18K:
Total DRM18K = 0.5 of 60 (0.83%)

APMs:
Total APMs = 0.50 of 40 (1.25%)

Total I/O ports = 43 of 226 (19.03%)


Overview of Control Sets:

Number of unique control sets : 38

Histogram:
**************************************************************
  Fanout      | Count    | Sync Set/Reset    Async Set/Reset
--------------------------------------------------------------
  [0, 2)      | 4        | 1                 3
  [2, 4)      | 1        | 0                 1
  [4, 6)      | 7        | 2                 5
  [6, 8)      | 0        | 0                 0
  [8, 10)     | 4        | 0                 4
  [10, 12)    | 6        | 0                 6
  [12, 14)    | 0        | 0                 0
  [14, 16)    | 0        | 0                 0
  [16, Inf)   | 16       | 0                 16
--------------------------------------------------------------
  The maximum fanout: 284
==============================================================

Flip-Flop Distribution:
************************************************************************
  Clock Enable    Sync Set/Reset    Async Set/Reset    Total Registers
------------------------------------------------------------------------
  NO              NO                NO                 0
  NO              NO                YES                288
  NO              YES               NO                 0
  YES             NO                NO                 11
  YES             NO                YES                582
  YES             YES               NO                 0
========================================================================

Latch Distribution:
************************************************
  Gate Enable    Preset/Clear    Total Latches
************************************************
  NO             NO              4
  NO             YES             0
  YES            NO              0
  YES            YES             0
************************************************

Design 'top_module' has been successfully synthesized to architecture-specific objects.
Saving design to DB.
I: Adm-6003: Trying to disconnect un-connected pin 'Z[0]' of instance 'ND6[9]'.
I: Adm-6003: Trying to disconnect un-connected pin 'Z[0]' of instance 'ND8[2]'.
I: Adm-6003: Trying to disconnect un-connected pin 'Z[0]' of instance 'ND1'.
I: Adm-6003: Trying to disconnect un-connected pin 'Z[0]' of instance 'ND0[0]'.
I: Adm-6003: Trying to disconnect un-connected pin 'Z[0]' of instance 'ND0[1]'.
I: Adm-6003: Trying to disconnect un-connected pin 'Z[0]' of instance 'ND0[2]'.
I: Adm-6003: Trying to disconnect un-connected pin 'Z[0]' of instance 'ND0[3]'.
I: Adm-6003: Trying to disconnect un-connected pin 'Z[0]' of instance 'ND0[4]'.
I: Adm-6003: Trying to disconnect un-connected pin 'Z[0]' of instance 'ND0[5]'.
I: Adm-6003: Trying to disconnect un-connected pin 'Z[0]' of instance 'ND0[6]'.
I: Adm-6003: Trying to disconnect un-connected pin 'Z[0]' of instance 'ND0[7]'.
I: Adm-6003: Trying to disconnect un-connected pin 'Z[0]' of instance 'ND0[8]'.
I: Adm-6003: Trying to disconnect un-connected pin 'Z[0]' of instance 'ND0[9]'.
I: Adm-6003: Trying to disconnect un-connected pin 'Z[0]' of instance 'ND6[4]'.
I: Adm-6003: Trying to disconnect un-connected pin 'Z[0]' of instance 'ND6[3]'.
I: Adm-6003: Trying to disconnect un-connected pin 'Z[0]' of instance 'ND6[2]'.
I: Adm-6003: Trying to disconnect un-connected pin 'Z[0]' of instance 'ND6[1]'.
I: Adm-6003: Trying to disconnect un-connected pin 'Z[0]' of instance 'ND6[0]'.
I: Adm-6003: Trying to disconnect un-connected pin 'Z[0]' of instance 'ND7[63]'.
I: Adm-6003: Trying to disconnect un-connected pin 'Z[0]' of instance 'ND7[62]'.
I: Adm-6003: Trying to disconnect un-connected pin 'Z[0]' of instance 'ND6[24]'.
I: Adm-6003: Trying to disconnect un-connected pin 'Z[0]' of instance 'ND6[23]'.
I: Adm-6003: Trying to disconnect un-connected pin 'Z[0]' of instance 'ND6[22]'.
I: Adm-6003: Trying to disconnect un-connected pin 'Z[0]' of instance 'ND6[21]'.
I: Adm-6003: Trying to disconnect un-connected pin 'Z[0]' of instance 'ND6[20]'.
I: Adm-6003: Trying to disconnect un-connected pin 'Z[0]' of instance 'ND6[19]'.
I: Adm-6003: Trying to disconnect un-connected pin 'Z[0]' of instance 'ND6[18]'.
I: Adm-6003: Trying to disconnect un-connected pin 'Z[0]' of instance 'ND6[17]'.
I: Adm-6003: Trying to disconnect un-connected pin 'Z[0]' of instance 'ND6[16]'.
I: Adm-6003: Trying to disconnect un-connected pin 'Z[0]' of instance 'ND6[15]'.
I: Adm-6003: Trying to disconnect un-connected pin 'Z[0]' of instance 'ND6[14]'.
I: Adm-6003: Trying to disconnect un-connected pin 'Z[0]' of instance 'ND6[13]'.
I: Adm-6003: Trying to disconnect un-connected pin 'Z[0]' of instance 'ND6[12]'.
I: Adm-6003: Trying to disconnect un-connected pin 'Z[0]' of instance 'ND6[11]'.
I: Adm-6003: Trying to disconnect un-connected pin 'Z[0]' of instance 'ND6[6]'.
I: Adm-6003: Trying to disconnect un-connected pin 'Z[0]' of instance 'ND6[5]'.
I: Adm-6003: Trying to disconnect un-connected pin 'Z[0]' of instance 'ND6[10]'.
I: Adm-6003: Trying to disconnect un-connected pin 'Z[0]' of instance 'ND6[8]'.
I: Adm-6003: Trying to disconnect un-connected pin 'Z[0]' of instance 'ND6[7]'.
I: Adm-6003: Trying to disconnect un-connected pin 'Z[0]' of instance 'ND8[1]'.
I: Adm-6003: Trying to disconnect un-connected pin 'Z[0]' of instance 'ND8[0]'.
I: Adm-6003: Trying to disconnect un-connected pin 'Z[0]' of instance 'ND7[7]'.
I: Adm-6003: Trying to disconnect un-connected pin 'Z[0]' of instance 'ND7[6]'.
I: Adm-6003: Trying to disconnect un-connected pin 'Z[0]' of instance 'ND7[5]'.
I: Adm-6003: Trying to disconnect un-connected pin 'Z[0]' of instance 'ND7[4]'.
I: Adm-6003: Trying to disconnect un-connected pin 'Z[0]' of instance 'ND7[3]'.
I: Adm-6003: Trying to disconnect un-connected pin 'Z[0]' of instance 'ND5[3]'.
I: Adm-6003: Trying to disconnect un-connected pin 'Z[0]' of instance 'ND5[2]'.
I: Adm-6003: Trying to disconnect un-connected pin 'Z[0]' of instance 'ND3'.
I: Adm-6003: Trying to disconnect un-connected pin 'Z[0]' of instance 'ND4[0]'.
I: Adm-6003: Trying to disconnect un-connected pin 'Z[0]' of instance 'ND5[1]'.
I: Adm-6003: Trying to disconnect un-connected pin 'Z[0]' of instance 'ND5[0]'.
I: Adm-6003: Trying to disconnect un-connected pin 'Z[0]' of instance 'ND4[1]'.
I: Adm-6003: Trying to disconnect un-connected pin 'Z[0]' of instance 'ND4[3]'.
I: Adm-6003: Trying to disconnect un-connected pin 'Z[0]' of instance 'ND4[2]'.
I: Adm-6003: Trying to disconnect un-connected pin 'Z[0]' of instance 'ND8[3]'.
I: Adm-6003: Trying to disconnect un-connected pin 'Z[0]' of instance 'ND7[0]'.
I: Adm-6003: Trying to disconnect un-connected pin 'Z[0]' of instance 'ND7[2]'.
I: Adm-6003: Trying to disconnect un-connected pin 'Z[0]' of instance 'ND7[1]'.
I: Adm-6003: Trying to disconnect un-connected pin 'Z[0]' of instance 'ND8[7]'.
I: Adm-6003: Trying to disconnect un-connected pin 'Z[0]' of instance 'ND8[6]'.
I: Adm-6003: Trying to disconnect un-connected pin 'Z[0]' of instance 'ND8[4]'.
I: Adm-6003: Trying to disconnect un-connected pin 'Z[0]' of instance 'ND8[5]'.
I: Adm-6003: Trying to disconnect un-connected pin 'Z[0]' of instance 'ND3[7]'.
I: Adm-6003: Trying to disconnect un-connected pin 'Z[0]' of instance 'ND3[8]'.
I: Adm-6003: Trying to disconnect un-connected pin 'Z[0]' of instance 'ND3[9]'.
I: Adm-6003: Trying to disconnect un-connected pin 'Z[0]' of instance 'ND5[0]'.
I: Adm-6003: Trying to disconnect un-connected pin 'Z[0]' of instance 'ND5[1]'.
I: Adm-6003: Trying to disconnect un-connected pin 'Z[0]' of instance 'ND5[2]'.
I: Adm-6003: Trying to disconnect un-connected pin 'Z[0]' of instance 'ND5[3]'.
I: Adm-6003: Trying to disconnect un-connected pin 'Z[0]' of instance 'ND5[4]'.
I: Adm-6003: Trying to disconnect un-connected pin 'Z[0]' of instance 'ND5[5]'.
I: Adm-6003: Trying to disconnect un-connected pin 'Z[0]' of instance 'ND5[6]'.
I: Adm-6003: Trying to disconnect un-connected pin 'Z[0]' of instance 'ND5[7]'.
I: Adm-6003: Trying to disconnect un-connected pin 'Z[0]' of instance 'ND6[0]'.
I: Adm-6003: Trying to disconnect un-connected pin 'Z[0]' of instance 'ND6[1]'.
I: Adm-6003: Trying to disconnect un-connected pin 'Z[0]' of instance 'ND6[2]'.
I: Adm-6003: Trying to disconnect un-connected pin 'Z[0]' of instance 'ND6[5]'.
I: Adm-6003: Trying to disconnect un-connected pin 'Z[0]' of instance 'ND4'.
I: Adm-6003: Trying to disconnect un-connected pin 'Z[0]' of instance 'ND6[6]'.
I: Adm-6003: Trying to disconnect un-connected pin 'Z[0]' of instance 'ND6[7]'.
I: Adm-6003: Trying to disconnect un-connected pin 'Z[0]' of instance 'ND6[3]'.
I: Adm-6003: Trying to disconnect un-connected pin 'Z[0]' of instance 'ND6[4]'.
I: Adm-6003: Trying to disconnect un-connected pin 'Z[0]' of instance 'ND3[0]'.
I: Adm-6003: Trying to disconnect un-connected pin 'Z[0]' of instance 'ND3[1]'.
I: Adm-6003: Trying to disconnect un-connected pin 'Z[0]' of instance 'ND3[2]'.
I: Adm-6003: Trying to disconnect un-connected pin 'Z[0]' of instance 'ND3[3]'.
I: Adm-6003: Trying to disconnect un-connected pin 'Z[0]' of instance 'ND3[4]'.
I: Adm-6003: Trying to disconnect un-connected pin 'Z[0]' of instance 'ND3[5]'.
I: Adm-6003: Trying to disconnect un-connected pin 'Z[0]' of instance 'ND3[6]'.
I: Adm-6003: Trying to disconnect un-connected pin 'Z[0]' of instance 'ND6[25]'.
I: Adm-6003: Trying to disconnect un-connected pin 'Z[0]' of instance 'ND6[26]'.
I: Adm-6003: Trying to disconnect un-connected pin 'Z[0]' of instance 'ND6[27]'.
I: Adm-6003: Trying to disconnect un-connected pin 'Z[0]' of instance 'ND6[28]'.
I: Adm-6003: Trying to disconnect un-connected pin 'Z[0]' of instance 'ND6[29]'.
I: Adm-6003: Trying to disconnect un-connected pin 'Z[0]' of instance 'ND6[30]'.
I: Adm-6003: Trying to disconnect un-connected pin 'Z[0]' of instance 'ND6[31]'.
I: Adm-6003: Trying to disconnect un-connected pin 'Z[0]' of instance 'ND7[0]'.
I: Adm-6003: Trying to disconnect un-connected pin 'Z[0]' of instance 'ND7[1]'.
I: Adm-6003: Trying to disconnect un-connected pin 'Z[0]' of instance 'ND7[2]'.
I: Adm-6003: Trying to disconnect un-connected pin 'Z[0]' of instance 'ND7[3]'.
I: Adm-6003: Trying to disconnect un-connected pin 'Z[0]' of instance 'ND7[4]'.
I: Adm-6003: Trying to disconnect un-connected pin 'Z[0]' of instance 'ND7[5]'.
I: Adm-6003: Trying to disconnect un-connected pin 'Z[0]' of instance 'ND7[6]'.
I: Adm-6003: Trying to disconnect un-connected pin 'Z[0]' of instance 'ND7[7]'.
I: Adm-6003: Trying to disconnect un-connected pin 'Z[0]' of instance 'ND7[8]'.
I: Adm-6003: Trying to disconnect un-connected pin 'Z[0]' of instance 'ND7[9]'.
I: Adm-6003: Trying to disconnect un-connected pin 'Z[0]' of instance 'ND7[10]'.
I: Adm-6003: Trying to disconnect un-connected pin 'Z[0]' of instance 'ND7[11]'.
I: Adm-6003: Trying to disconnect un-connected pin 'Z[0]' of instance 'ND7[12]'.
I: Adm-6003: Trying to disconnect un-connected pin 'Z[0]' of instance 'ND7[13]'.
I: Adm-6003: Trying to disconnect un-connected pin 'Z[0]' of instance 'ND7[14]'.
I: Adm-6003: Trying to disconnect un-connected pin 'Z[0]' of instance 'ND7[15]'.
I: Adm-6003: Trying to disconnect un-connected pin 'Z[0]' of instance 'ND7[16]'.
I: Adm-6003: Trying to disconnect un-connected pin 'Z[0]' of instance 'ND7[17]'.
I: Adm-6003: Trying to disconnect un-connected pin 'Z[0]' of instance 'ND7[18]'.
I: Adm-6003: Trying to disconnect un-connected pin 'Z[0]' of instance 'ND7[19]'.
I: Adm-6003: Trying to disconnect un-connected pin 'Z[0]' of instance 'ND7[20]'.
I: Adm-6003: Trying to disconnect un-connected pin 'Z[0]' of instance 'ND7[21]'.
I: Adm-6003: Trying to disconnect un-connected pin 'Z[0]' of instance 'ND7[22]'.
I: Adm-6003: Trying to disconnect un-connected pin 'Z[0]' of instance 'ND7[23]'.
I: Adm-6003: Trying to disconnect un-connected pin 'Z[0]' of instance 'ND7[24]'.
I: Adm-6003: Trying to disconnect un-connected pin 'Z[0]' of instance 'ND7[25]'.
I: Adm-6003: Trying to disconnect un-connected pin 'Z[0]' of instance 'ND7[26]'.
I: Adm-6003: Trying to disconnect un-connected pin 'Z[0]' of instance 'ND7[27]'.
I: Adm-6003: Trying to disconnect un-connected pin 'Z[0]' of instance 'ND7[28]'.
I: Adm-6003: Trying to disconnect un-connected pin 'Z[0]' of instance 'ND7[29]'.
I: Adm-6003: Trying to disconnect un-connected pin 'Z[0]' of instance 'ND7[30]'.
I: Adm-6003: Trying to disconnect un-connected pin 'Z[0]' of instance 'ND7[31]'.
I: Adm-6003: Trying to disconnect un-connected pin 'Z[0]' of instance 'ND7[32]'.
I: Adm-6003: Trying to disconnect un-connected pin 'Z[0]' of instance 'ND7[33]'.
I: Adm-6003: Trying to disconnect un-connected pin 'Z[0]' of instance 'ND7[34]'.
I: Adm-6003: Trying to disconnect un-connected pin 'Z[0]' of instance 'ND7[35]'.
I: Adm-6003: Trying to disconnect un-connected pin 'Z[0]' of instance 'ND7[36]'.
I: Adm-6003: Trying to disconnect un-connected pin 'Z[0]' of instance 'ND7[37]'.
I: Adm-6003: Trying to disconnect un-connected pin 'Z[0]' of instance 'ND7[38]'.
I: Adm-6003: Trying to disconnect un-connected pin 'Z[0]' of instance 'ND7[39]'.
I: Adm-6003: Trying to disconnect un-connected pin 'Z[0]' of instance 'ND7[40]'.
I: Adm-6003: Trying to disconnect un-connected pin 'Z[0]' of instance 'ND7[41]'.
I: Adm-6003: Trying to disconnect un-connected pin 'Z[0]' of instance 'ND7[42]'.
I: Adm-6003: Trying to disconnect un-connected pin 'Z[0]' of instance 'ND7[43]'.
I: Adm-6003: Trying to disconnect un-connected pin 'Z[0]' of instance 'ND7[44]'.
I: Adm-6003: Trying to disconnect un-connected pin 'Z[0]' of instance 'ND7[45]'.
I: Adm-6003: Trying to disconnect un-connected pin 'Z[0]' of instance 'ND7[46]'.
I: Adm-6003: Trying to disconnect un-connected pin 'Z[0]' of instance 'ND7[47]'.
I: Adm-6003: Trying to disconnect un-connected pin 'Z[0]' of instance 'ND7[48]'.
I: Adm-6003: Trying to disconnect un-connected pin 'Z[0]' of instance 'ND7[49]'.
I: Adm-6003: Trying to disconnect un-connected pin 'Z[0]' of instance 'ND7[50]'.
I: Adm-6003: Trying to disconnect un-connected pin 'Z[0]' of instance 'ND7[51]'.
I: Adm-6003: Trying to disconnect un-connected pin 'Z[0]' of instance 'ND7[52]'.
I: Adm-6003: Trying to disconnect un-connected pin 'Z[0]' of instance 'ND7[53]'.
I: Adm-6003: Trying to disconnect un-connected pin 'Z[0]' of instance 'ND7[54]'.
I: Adm-6003: Trying to disconnect un-connected pin 'Z[0]' of instance 'ND7[55]'.
I: Adm-6003: Trying to disconnect un-connected pin 'Z[0]' of instance 'ND7[56]'.
I: Adm-6003: Trying to disconnect un-connected pin 'Z[0]' of instance 'ND7[57]'.
I: Adm-6003: Trying to disconnect un-connected pin 'Z[0]' of instance 'ND7[58]'.
I: Adm-6003: Trying to disconnect un-connected pin 'Z[0]' of instance 'ND7[59]'.
I: Adm-6003: Trying to disconnect un-connected pin 'Z[0]' of instance 'ND7[60]'.
I: Adm-6003: Trying to disconnect un-connected pin 'Z[0]' of instance 'ND7[61]'.
Saving design to top_module_syn.vm
W: Public-4008: Instance 'u_f_measure/gate_real_cnt[4]' of 'GTP_DFF_C' unit is dangling and will be cleaned.
W: Public-4008: Instance 'u_f_measure/gate_real_cnt[3]' of 'GTP_DFF_C' unit is dangling and will be cleaned.
W: Public-4008: Instance 'u_f_measure/gate_real_cnt[2]' of 'GTP_DFF_C' unit is dangling and will be cleaned.
W: Public-4008: Instance 'u_f_measure/gate_real_cnt[1]' of 'GTP_DFF_C' unit is dangling and will be cleaned.
W: Public-4008: Instance 'u_f_measure/gate_real_cnt[0]' of 'GTP_DFF_C' unit is dangling and will be cleaned.
W: Public-4008: Instance 'u_f_measure/gate_real_cnt[22]' of 'GTP_DFF_C' unit is dangling and will be cleaned.
W: Public-4008: Instance 'u_f_measure/gate_real_cnt[21]' of 'GTP_DFF_C' unit is dangling and will be cleaned.
W: Public-4008: Instance 'u_f_measure/gate_real_cnt[25]' of 'GTP_DFF_C' unit is dangling and will be cleaned.
W: Public-4008: Instance 'u_f_measure/gate_real_cnt[24]' of 'GTP_DFF_C' unit is dangling and will be cleaned.
W: Public-4008: Instance 'u_f_measure/gate_real_cnt[23]' of 'GTP_DFF_C' unit is dangling and will be cleaned.
W: Public-4008: Instance 'u_f_measure/gate_real_cnt[20]' of 'GTP_DFF_C' unit is dangling and will be cleaned.
W: Public-4008: Instance 'u_f_measure/gate_real_cnt[19]' of 'GTP_DFF_C' unit is dangling and will be cleaned.
W: Public-4008: Instance 'u_f_measure/gate_real_cnt[18]' of 'GTP_DFF_C' unit is dangling and will be cleaned.
W: Public-4008: Instance 'u_f_measure/gate_real_cnt[17]' of 'GTP_DFF_C' unit is dangling and will be cleaned.
W: Public-4008: Instance 'u_f_measure/gate_real_cnt[16]' of 'GTP_DFF_C' unit is dangling and will be cleaned.
W: Public-4008: Instance 'u_f_measure/gate_real_cnt[15]' of 'GTP_DFF_C' unit is dangling and will be cleaned.
W: Public-4008: Instance 'u_f_measure/gate_real_cnt[14]' of 'GTP_DFF_C' unit is dangling and will be cleaned.
W: Public-4008: Instance 'u_f_measure/gate_real_cnt[13]' of 'GTP_DFF_C' unit is dangling and will be cleaned.
W: Public-4008: Instance 'u_f_measure/gate_real_cnt[12]' of 'GTP_DFF_C' unit is dangling and will be cleaned.
W: Public-4008: Instance 'u_f_measure/gate_real_cnt[11]' of 'GTP_DFF_C' unit is dangling and will be cleaned.
W: Public-4008: Instance 'u_f_measure/gate_real_cnt[10]' of 'GTP_DFF_C' unit is dangling and will be cleaned.
W: Public-4008: Instance 'u_f_measure/gate_real_cnt[9]' of 'GTP_DFF_C' unit is dangling and will be cleaned.
W: Public-4008: Instance 'u_f_measure/gate_real_cnt[8]' of 'GTP_DFF_C' unit is dangling and will be cleaned.
W: Public-4008: Instance 'u_f_measure/gate_real_cnt[7]' of 'GTP_DFF_C' unit is dangling and will be cleaned.
W: Public-4008: Instance 'u_f_measure/gate_real_cnt[26]' of 'GTP_DFF_C' unit is dangling and will be cleaned.
W: Public-4008: Instance 'u_f_measure/gate_real_cnt[27]' of 'GTP_DFF_C' unit is dangling and will be cleaned.
W: Public-4008: Instance 'u_f_measure/gate_real_cnt[28]' of 'GTP_DFF_C' unit is dangling and will be cleaned.
W: Public-4008: Instance 'u_f_measure/gate_real_cnt[29]' of 'GTP_DFF_C' unit is dangling and will be cleaned.
W: Public-4008: Instance 'u_f_measure/gate_real_cnt[30]' of 'GTP_DFF_C' unit is dangling and will be cleaned.
W: Public-4008: Instance 'u_f_measure/gate_real_cnt[31]' of 'GTP_DFF_C' unit is dangling and will be cleaned.
W: Public-4008: Instance 'u_f_measure/gate_set' of 'GTP_DFF_CE' unit is dangling and will be cleaned.
W: Public-4008: Instance 'u_f_measure/gate_set_cnt[0]' of 'GTP_DFF_CE' unit is dangling and will be cleaned.
W: Public-4008: Instance 'u_f_measure/gate_set_cnt[1]' of 'GTP_DFF_CE' unit is dangling and will be cleaned.
W: Public-4008: Instance 'u_f_measure/gate_set_cnt[2]' of 'GTP_DFF_CE' unit is dangling and will be cleaned.
W: Public-4008: Instance 'u_f_measure/gate_set_cnt[3]' of 'GTP_DFF_CE' unit is dangling and will be cleaned.
W: Public-4008: Instance 'u_f_measure/gate_set_cnt[4]' of 'GTP_DFF_CE' unit is dangling and will be cleaned.
W: Public-4008: Instance 'u_f_measure/gate_set_cnt[5]' of 'GTP_DFF_CE' unit is dangling and will be cleaned.
W: Public-4008: Instance 'u_f_measure/gate_set_cnt[6]' of 'GTP_DFF_CE' unit is dangling and will be cleaned.
W: Public-4008: Instance 'u_f_measure/gate_set_cnt[7]' of 'GTP_DFF_CE' unit is dangling and will be cleaned.
W: Public-4008: Instance 'u_f_measure/gate_set_cnt[8]' of 'GTP_DFF_CE' unit is dangling and will be cleaned.
W: Public-4008: Instance 'u_f_measure/gate_set_cnt[9]' of 'GTP_DFF_CE' unit is dangling and will be cleaned.
W: Public-4008: Instance 'u_f_measure/gate_set_cnt[10]' of 'GTP_DFF_CE' unit is dangling and will be cleaned.
W: Public-4008: Instance 'u_f_measure/gate_set_cnt[11]' of 'GTP_DFF_CE' unit is dangling and will be cleaned.
W: Public-4008: Instance 'u_f_measure/gate_set_cnt[12]' of 'GTP_DFF_CE' unit is dangling and will be cleaned.
W: Public-4008: Instance 'u_f_measure/gate_set_cnt[13]' of 'GTP_DFF_CE' unit is dangling and will be cleaned.
W: Public-4008: Instance 'u_f_measure/gate_set_cnt[14]' of 'GTP_DFF_CE' unit is dangling and will be cleaned.
W: Public-4008: Instance 'u_f_measure/gate_set_cnt[15]' of 'GTP_DFF_CE' unit is dangling and will be cleaned.
W: Public-4008: Instance 'u_f_measure/gate_set_cnt[16]' of 'GTP_DFF_CE' unit is dangling and will be cleaned.
W: Public-4008: Instance 'u_f_measure/gate_set_cnt[17]' of 'GTP_DFF_CE' unit is dangling and will be cleaned.
W: Public-4008: Instance 'u_f_measure/gate_set_cnt[18]' of 'GTP_DFF_CE' unit is dangling and will be cleaned.
W: Public-4008: Instance 'u_f_measure/gate_set_cnt[19]' of 'GTP_DFF_CE' unit is dangling and will be cleaned.
W: Public-4008: Instance 'u_f_measure/gate_set_cnt[20]' of 'GTP_DFF_CE' unit is dangling and will be cleaned.
W: Public-4008: Instance 'u_f_measure/gate_set_cnt[21]' of 'GTP_DFF_CE' unit is dangling and will be cleaned.
W: Public-4008: Instance 'u_f_measure/gate_set_cnt[22]' of 'GTP_DFF_CE' unit is dangling and will be cleaned.
W: Public-4008: Instance 'u_f_measure/gate_set_cnt[23]' of 'GTP_DFF_CE' unit is dangling and will be cleaned.
W: Public-4008: Instance 'u_f_measure/gate_set_cnt[24]' of 'GTP_DFF_CE' unit is dangling and will be cleaned.
W: Public-4008: Instance 'u_f_measure/gate_set_cnt[25]' of 'GTP_DFF_CE' unit is dangling and will be cleaned.
W: Public-4008: Instance 'u_f_measure/trig_cnt[0]' of 'GTP_DFF_CE' unit is dangling and will be cleaned.
W: Public-4008: Instance 'u_f_measure/trig_cnt[1]' of 'GTP_DFF_CE' unit is dangling and will be cleaned.
W: Public-4008: Instance 'u_f_measure/trig_cnt[2]' of 'GTP_DFF_CE' unit is dangling and will be cleaned.
W: Public-4008: Instance 'u_f_measure/trig_cnt[3]' of 'GTP_DFF_CE' unit is dangling and will be cleaned.
W: Public-4008: Instance 'u_f_measure/trig_cnt[4]' of 'GTP_DFF_CE' unit is dangling and will be cleaned.
W: Public-4008: Instance 'u_f_measure/trig_cnt[5]' of 'GTP_DFF_CE' unit is dangling and will be cleaned.
W: Public-4008: Instance 'u_f_measure/trig_cnt[6]' of 'GTP_DFF_CE' unit is dangling and will be cleaned.
W: Public-4008: Instance 'u_f_measure/trig_cnt[7]' of 'GTP_DFF_CE' unit is dangling and will be cleaned.
W: Public-4008: Instance 'u_f_measure/trig_cnt[8]' of 'GTP_DFF_CE' unit is dangling and will be cleaned.
W: Public-4008: Instance 'u_f_measure/trig_cnt[9]' of 'GTP_DFF_CE' unit is dangling and will be cleaned.
W: Public-4008: Instance 'u_f_measure/trig_cnt[10]' of 'GTP_DFF_CE' unit is dangling and will be cleaned.
W: Public-4008: Instance 'u_f_measure/trig_cnt[11]' of 'GTP_DFF_CE' unit is dangling and will be cleaned.
W: Public-4008: Instance 'u_f_measure/trig_cnt[12]' of 'GTP_DFF_CE' unit is dangling and will be cleaned.
W: Public-4008: Instance 'u_f_measure/trig_cnt[13]' of 'GTP_DFF_CE' unit is dangling and will be cleaned.
W: Public-4008: Instance 'u_f_measure/trig_cnt[14]' of 'GTP_DFF_CE' unit is dangling and will be cleaned.
W: Public-4008: Instance 'u_f_measure/trig_cnt[15]' of 'GTP_DFF_CE' unit is dangling and will be cleaned.
W: Public-4008: Instance 'u_f_measure/trig_cnt[16]' of 'GTP_DFF_CE' unit is dangling and will be cleaned.
W: Public-4008: Instance 'u_f_measure/trig_cnt[17]' of 'GTP_DFF_CE' unit is dangling and will be cleaned.
W: Public-4008: Instance 'u_f_measure/trig_cnt[18]' of 'GTP_DFF_CE' unit is dangling and will be cleaned.
W: Public-4008: Instance 'u_f_measure/trig_cnt[19]' of 'GTP_DFF_CE' unit is dangling and will be cleaned.
W: Public-4008: Instance 'u_f_measure/trig_cnt[20]' of 'GTP_DFF_CE' unit is dangling and will be cleaned.
W: Public-4008: Instance 'u_f_measure/trig_cnt[21]' of 'GTP_DFF_CE' unit is dangling and will be cleaned.
W: Public-4008: Instance 'u_f_measure/trig_cnt[22]' of 'GTP_DFF_CE' unit is dangling and will be cleaned.
W: Public-4008: Instance 'u_f_measure/trig_cnt[23]' of 'GTP_DFF_CE' unit is dangling and will be cleaned.
W: Public-4008: Instance 'u_f_measure/trig_cnt[24]' of 'GTP_DFF_CE' unit is dangling and will be cleaned.
W: Public-4008: Instance 'u_f_measure/trig_cnt[25]' of 'GTP_DFF_CE' unit is dangling and will be cleaned.
W: Public-4008: Instance 'u_f_measure/trig_cnt[26]' of 'GTP_DFF_CE' unit is dangling and will be cleaned.
W: Public-4008: Instance 'u_f_measure/trig_cnt[27]' of 'GTP_DFF_CE' unit is dangling and will be cleaned.
W: Public-4008: Instance 'u_f_measure/trig_cnt[28]' of 'GTP_DFF_CE' unit is dangling and will be cleaned.
W: Public-4008: Instance 'u_f_measure/trig_cnt[29]' of 'GTP_DFF_CE' unit is dangling and will be cleaned.
W: Public-4008: Instance 'u_f_measure/trig_cnt[30]' of 'GTP_DFF_CE' unit is dangling and will be cleaned.
W: Public-4008: Instance 'u_f_measure/trig_cnt[31]' of 'GTP_DFF_CE' unit is dangling and will be cleaned.
W: Public-4008: Instance 'u_f_measure/gate_real_cnt[6]' of 'GTP_DFF_C' unit is dangling and will be cleaned.
W: Public-4008: Instance 'u_f_measure/gate_real_cnt[5]' of 'GTP_DFF_C' unit is dangling and will be cleaned.
W: Public-4008: Instance 'u_f_measure/en_div_pulse' of 'GTP_DFF_C' unit is dangling and will be cleaned.
W: Public-4008: Instance 'u_f_measure/en_div_pulse_delay' of 'GTP_DFF_C' unit is dangling and will be cleaned.
W: Public-4008: Instance 'u_f_measure/en_pulse' of 'GTP_DFF_C' unit is dangling and will be cleaned.
W: Public-4008: Instance 'u_f_measure/en_pulse_cnt[0]' of 'GTP_DFF_C' unit is dangling and will be cleaned.
W: Public-4008: Instance 'u_f_measure/en_pulse_cnt[1]' of 'GTP_DFF_C' unit is dangling and will be cleaned.
W: Public-4008: Instance 'u_f_measure/en_pulse_cnt[2]' of 'GTP_DFF_C' unit is dangling and will be cleaned.
W: Public-4008: Instance 'u_f_measure/en_pulse_cnt[3]' of 'GTP_DFF_C' unit is dangling and will be cleaned.
W: Public-4008: Instance 'u_f_measure/en_pulse_cnt[4]' of 'GTP_DFF_C' unit is dangling and will be cleaned.
W: Public-4008: Instance 'u_f_measure/en_pulse_cnt[5]' of 'GTP_DFF_C' unit is dangling and will be cleaned.
W: Public-4008: Instance 'u_f_measure/en_pulse_cnt[6]' of 'GTP_DFF_C' unit is dangling and will be cleaned.
W: Public-4008: Instance 'u_f_measure/en_pulse_cnt[7]' of 'GTP_DFF_C' unit is dangling and will be cleaned.
W: Public-4008: Instance 'u_f_measure/en_pulse_cnt[8]' of 'GTP_DFF_C' unit is dangling and will be cleaned.
W: Public-4008: Instance 'u_f_measure/en_pulse_cnt[9]' of 'GTP_DFF_C' unit is dangling and will be cleaned.
W: Public-4008: Instance 'u_f_measure/en_pulse_cnt[10]' of 'GTP_DFF_C' unit is dangling and will be cleaned.
W: Public-4008: Instance 'u_f_measure/en_pulse_cnt[11]' of 'GTP_DFF_C' unit is dangling and will be cleaned.
W: Public-4008: Instance 'u_f_measure/en_pulse_cnt[12]' of 'GTP_DFF_C' unit is dangling and will be cleaned.
W: Public-4008: Instance 'u_f_measure/en_pulse_cnt[13]' of 'GTP_DFF_C' unit is dangling and will be cleaned.
W: Public-4008: Instance 'u_f_measure/en_pulse_cnt[14]' of 'GTP_DFF_C' unit is dangling and will be cleaned.
W: Public-4008: Instance 'u_f_measure/en_pulse_cnt[15]' of 'GTP_DFF_C' unit is dangling and will be cleaned.
W: Public-4008: Instance 'u_f_measure/en_pulse_cnt[16]' of 'GTP_DFF_C' unit is dangling and will be cleaned.
W: Public-4008: Instance 'u_f_measure/en_pulse_cnt[17]' of 'GTP_DFF_C' unit is dangling and will be cleaned.
W: Public-4008: Instance 'u_f_measure/en_pulse_cnt[18]' of 'GTP_DFF_C' unit is dangling and will be cleaned.
W: Public-4008: Instance 'u_f_measure/en_pulse_cnt[19]' of 'GTP_DFF_C' unit is dangling and will be cleaned.
W: Public-4008: Instance 'u_f_measure/en_pulse_cnt[20]' of 'GTP_DFF_C' unit is dangling and will be cleaned.
W: Public-4008: Instance 'u_f_measure/en_pulse_cnt[21]' of 'GTP_DFF_C' unit is dangling and will be cleaned.
W: Public-4008: Instance 'u_f_measure/en_pulse_cnt[22]' of 'GTP_DFF_C' unit is dangling and will be cleaned.
W: Public-4008: Instance 'u_f_measure/en_pulse_cnt[23]' of 'GTP_DFF_C' unit is dangling and will be cleaned.
W: Public-4008: Instance 'u_f_measure/en_pulse_cnt[24]' of 'GTP_DFF_C' unit is dangling and will be cleaned.
W: Public-4008: Instance 'u_f_measure/en_pulse_cnt[25]' of 'GTP_DFF_C' unit is dangling and will be cleaned.
W: Public-4008: Instance 'u_f_measure/en_pulse_cnt[26]' of 'GTP_DFF_C' unit is dangling and will be cleaned.
W: Public-4008: Instance 'u_f_measure/frequence_64[0]' of 'GTP_DFF_CE' unit is dangling and will be cleaned.
W: Public-4008: Instance 'u_f_measure/frequence_64[1]' of 'GTP_DFF_CE' unit is dangling and will be cleaned.
W: Public-4008: Instance 'u_f_measure/frequence_64[2]' of 'GTP_DFF_CE' unit is dangling and will be cleaned.
W: Public-4008: Instance 'u_f_measure/frequence_64[3]' of 'GTP_DFF_CE' unit is dangling and will be cleaned.
W: Public-4008: Instance 'u_f_measure/frequence_64[4]' of 'GTP_DFF_CE' unit is dangling and will be cleaned.
W: Public-4008: Instance 'u_f_measure/frequence_64[5]' of 'GTP_DFF_CE' unit is dangling and will be cleaned.
W: Public-4008: Instance 'u_f_measure/frequence_64[6]' of 'GTP_DFF_CE' unit is dangling and will be cleaned.
W: Public-4008: Instance 'u_f_measure/frequence_64[7]' of 'GTP_DFF_CE' unit is dangling and will be cleaned.
W: Public-4008: Instance 'u_f_measure/frequence_64[8]' of 'GTP_DFF_CE' unit is dangling and will be cleaned.
W: Public-4008: Instance 'u_f_measure/frequence_64[9]' of 'GTP_DFF_CE' unit is dangling and will be cleaned.
W: Public-4008: Instance 'u_f_measure/frequence_64[10]' of 'GTP_DFF_CE' unit is dangling and will be cleaned.
W: Public-4008: Instance 'u_f_measure/frequence_64[11]' of 'GTP_DFF_CE' unit is dangling and will be cleaned.
W: Public-4008: Instance 'u_f_measure/frequence_64[12]' of 'GTP_DFF_CE' unit is dangling and will be cleaned.
W: Public-4008: Instance 'u_f_measure/frequence_64[13]' of 'GTP_DFF_CE' unit is dangling and will be cleaned.
W: Public-4008: Instance 'u_f_measure/frequence_64[14]' of 'GTP_DFF_CE' unit is dangling and will be cleaned.
W: Public-4008: Instance 'u_f_measure/frequence_64[15]' of 'GTP_DFF_CE' unit is dangling and will be cleaned.
W: Public-4008: Instance 'u_f_measure/frequence_64[16]' of 'GTP_DFF_CE' unit is dangling and will be cleaned.
W: Public-4008: Instance 'u_f_measure/frequence_64[17]' of 'GTP_DFF_CE' unit is dangling and will be cleaned.
W: Public-4008: Instance 'u_f_measure/frequence_64[18]' of 'GTP_DFF_CE' unit is dangling and will be cleaned.
W: Public-4008: Instance 'u_f_measure/frequence_64[19]' of 'GTP_DFF_CE' unit is dangling and will be cleaned.
W: Public-4008: Instance 'u_f_measure/frequence_64[20]' of 'GTP_DFF_CE' unit is dangling and will be cleaned.
W: Public-4008: Instance 'u_f_measure/frequence_64[21]' of 'GTP_DFF_CE' unit is dangling and will be cleaned.
W: Public-4008: Instance 'u_f_measure/frequence_64[22]' of 'GTP_DFF_CE' unit is dangling and will be cleaned.
W: Public-4008: Instance 'u_f_measure/frequence_64[23]' of 'GTP_DFF_CE' unit is dangling and will be cleaned.
W: Public-4008: Instance 'u_f_measure/frequence_64[24]' of 'GTP_DFF_CE' unit is dangling and will be cleaned.
W: Public-4008: Instance 'u_f_measure/frequence_64[25]' of 'GTP_DFF_CE' unit is dangling and will be cleaned.
W: Public-4008: Instance 'u_f_measure/frequence_64[26]' of 'GTP_DFF_CE' unit is dangling and will be cleaned.
W: Public-4008: Instance 'u_f_measure/frequence_64[27]' of 'GTP_DFF_CE' unit is dangling and will be cleaned.
W: Public-4008: Instance 'u_f_measure/frequence_64[28]' of 'GTP_DFF_CE' unit is dangling and will be cleaned.
W: Public-4008: Instance 'u_f_measure/frequence_64[29]' of 'GTP_DFF_CE' unit is dangling and will be cleaned.
W: Public-4008: Instance 'u_f_measure/frequence_64[30]' of 'GTP_DFF_CE' unit is dangling and will be cleaned.
W: Public-4008: Instance 'u_f_measure/frequence_64[31]' of 'GTP_DFF_CE' unit is dangling and will be cleaned.
W: Public-4008: Instance 'u_f_measure/frequence_64[32]' of 'GTP_DFF_CE' unit is dangling and will be cleaned.
W: Public-4008: Instance 'u_f_measure/frequence_64[33]' of 'GTP_DFF_CE' unit is dangling and will be cleaned.
W: Public-4008: Instance 'u_f_measure/frequence_64[34]' of 'GTP_DFF_CE' unit is dangling and will be cleaned.
W: Public-4008: Instance 'u_f_measure/frequence_64[35]' of 'GTP_DFF_CE' unit is dangling and will be cleaned.
W: Public-4008: Instance 'u_f_measure/frequence_64[36]' of 'GTP_DFF_CE' unit is dangling and will be cleaned.
W: Public-4008: Instance 'u_f_measure/frequence_64[37]' of 'GTP_DFF_CE' unit is dangling and will be cleaned.
W: Public-4008: Instance 'u_f_measure/frequence_64[38]' of 'GTP_DFF_CE' unit is dangling and will be cleaned.
W: Public-4008: Instance 'u_f_measure/frequence_64[39]' of 'GTP_DFF_CE' unit is dangling and will be cleaned.
W: Public-4008: Instance 'u_f_measure/frequence_64[40]' of 'GTP_DFF_CE' unit is dangling and will be cleaned.
W: Public-4008: Instance 'u_f_measure/frequence_64[41]' of 'GTP_DFF_CE' unit is dangling and will be cleaned.
W: Public-4008: Instance 'u_f_measure/frequence_64[42]' of 'GTP_DFF_CE' unit is dangling and will be cleaned.
W: Public-4008: Instance 'u_f_measure/frequence_64[43]' of 'GTP_DFF_CE' unit is dangling and will be cleaned.
W: Public-4008: Instance 'u_f_measure/frequence_64[44]' of 'GTP_DFF_CE' unit is dangling and will be cleaned.
W: Public-4008: Instance 'u_f_measure/frequence_64[45]' of 'GTP_DFF_CE' unit is dangling and will be cleaned.
W: Public-4008: Instance 'u_f_measure/frequence_64[46]' of 'GTP_DFF_CE' unit is dangling and will be cleaned.
W: Public-4008: Instance 'u_f_measure/frequence_64[47]' of 'GTP_DFF_CE' unit is dangling and will be cleaned.
W: Public-4008: Instance 'u_f_measure/frequence_64[48]' of 'GTP_DFF_CE' unit is dangling and will be cleaned.
W: Public-4008: Instance 'u_f_measure/frequence_64[49]' of 'GTP_DFF_CE' unit is dangling and will be cleaned.
W: Public-4008: Instance 'u_f_measure/frequence_64[50]' of 'GTP_DFF_CE' unit is dangling and will be cleaned.
W: Public-4008: Instance 'u_f_measure/frequence_64[51]' of 'GTP_DFF_CE' unit is dangling and will be cleaned.
W: Public-4008: Instance 'u_f_measure/frequence_64[52]' of 'GTP_DFF_CE' unit is dangling and will be cleaned.
W: Public-4008: Instance 'u_f_measure/frequence_64[53]' of 'GTP_DFF_CE' unit is dangling and will be cleaned.
W: Public-4008: Instance 'u_f_measure/frequence_64[54]' of 'GTP_DFF_CE' unit is dangling and will be cleaned.
W: Public-4008: Instance 'u_f_measure/frequence_64[55]' of 'GTP_DFF_CE' unit is dangling and will be cleaned.
W: Public-4008: Instance 'u_f_measure/frequence_64[56]' of 'GTP_DFF_CE' unit is dangling and will be cleaned.
W: Public-4008: Instance 'u_f_measure/frequence_64[57]' of 'GTP_DFF_CE' unit is dangling and will be cleaned.
W: Public-4008: Instance 'u_f_measure/frequence_64[58]' of 'GTP_DFF_CE' unit is dangling and will be cleaned.
W: Public-4008: Instance 'u_f_measure/frequence_64[59]' of 'GTP_DFF_CE' unit is dangling and will be cleaned.
W: Public-4008: Instance 'u_f_measure/frequence_64[60]' of 'GTP_DFF_CE' unit is dangling and will be cleaned.
W: Public-4008: Instance 'u_f_measure/frequence_64[61]' of 'GTP_DFF_CE' unit is dangling and will be cleaned.
W: Public-4008: Instance 'u_f_measure/frequence_64[62]' of 'GTP_DFF_CE' unit is dangling and will be cleaned.
W: Public-4008: Instance 'u_f_measure/frequence_64[63]' of 'GTP_DFF_CE' unit is dangling and will be cleaned.
W: Public-4008: Instance 'u_f_measure/gate_real' of 'GTP_DFF_C' unit is dangling and will be cleaned.
W: Public-4008: Instance 'u_spi_drive/r_data[7]' of 'GTP_DFF_CE' unit is dangling and will be cleaned.
W: Public-4008: Instance 'u_spi_drive/r_data[6]' of 'GTP_DFF_CE' unit is dangling and will be cleaned.
W: Public-4008: Instance 'u_spi_drive/r_data[5]' of 'GTP_DFF_CE' unit is dangling and will be cleaned.
W: Public-4008: Instance 'u_spi_drive/r_data[4]' of 'GTP_DFF_CE' unit is dangling and will be cleaned.
W: Public-4008: Instance 'u_spi_drive/r_data[3]' of 'GTP_DFF_CE' unit is dangling and will be cleaned.
W: Public-4008: Instance 'u_spi_drive/r_data[2]' of 'GTP_DFF_CE' unit is dangling and will be cleaned.
W: Public-4008: Instance 'u_spi_drive/r_data[0]' of 'GTP_DFF_CE' unit is dangling and will be cleaned.
W: Public-4008: Instance 'u_spi_drive/r_data[1]' of 'GTP_DFF_CE' unit is dangling and will be cleaned.
W: Public-4008: Instance 'u_f_measure/u_divider_32/botton_number0[0]' of 'GTP_DFF_CE' unit is dangling and will be cleaned.
W: Public-4008: Instance 'u_f_measure/u_divider_32/botton_number0[1]' of 'GTP_DFF_CE' unit is dangling and will be cleaned.
W: Public-4008: Instance 'u_f_measure/u_divider_32/botton_number0[2]' of 'GTP_DFF_CE' unit is dangling and will be cleaned.
W: Public-4008: Instance 'u_f_measure/u_divider_32/botton_number0[3]' of 'GTP_DFF_CE' unit is dangling and will be cleaned.
W: Public-4008: Instance 'u_f_measure/u_divider_32/botton_number0[4]' of 'GTP_DFF_CE' unit is dangling and will be cleaned.
W: Public-4008: Instance 'u_f_measure/u_divider_32/botton_number0[5]' of 'GTP_DFF_CE' unit is dangling and will be cleaned.
W: Public-4008: Instance 'u_f_measure/u_divider_32/botton_number0[6]' of 'GTP_DFF_CE' unit is dangling and will be cleaned.
W: Public-4008: Instance 'u_f_measure/u_divider_32/botton_number0[7]' of 'GTP_DFF_CE' unit is dangling and will be cleaned.
W: Public-4008: Instance 'u_f_measure/u_divider_32/botton_number0[8]' of 'GTP_DFF_CE' unit is dangling and will be cleaned.
W: Public-4008: Instance 'u_f_measure/u_divider_32/botton_number0[9]' of 'GTP_DFF_CE' unit is dangling and will be cleaned.
W: Public-4008: Instance 'u_f_measure/u_divider_32/botton_number0[10]' of 'GTP_DFF_CE' unit is dangling and will be cleaned.
W: Public-4008: Instance 'u_f_measure/u_divider_32/botton_number0[11]' of 'GTP_DFF_CE' unit is dangling and will be cleaned.
W: Public-4008: Instance 'u_f_measure/u_divider_32/botton_number0[12]' of 'GTP_DFF_CE' unit is dangling and will be cleaned.
W: Public-4008: Instance 'u_f_measure/u_divider_32/botton_number0[13]' of 'GTP_DFF_CE' unit is dangling and will be cleaned.
W: Public-4008: Instance 'u_f_measure/u_divider_32/botton_number0[14]' of 'GTP_DFF_CE' unit is dangling and will be cleaned.
W: Public-4008: Instance 'u_f_measure/u_divider_32/botton_number0[15]' of 'GTP_DFF_CE' unit is dangling and will be cleaned.
W: Public-4008: Instance 'u_f_measure/u_divider_32/botton_number0[16]' of 'GTP_DFF_CE' unit is dangling and will be cleaned.
W: Public-4008: Instance 'u_f_measure/u_divider_32/botton_number0[17]' of 'GTP_DFF_CE' unit is dangling and will be cleaned.
W: Public-4008: Instance 'u_f_measure/u_divider_32/botton_number0[18]' of 'GTP_DFF_CE' unit is dangling and will be cleaned.
W: Public-4008: Instance 'u_f_measure/u_divider_32/botton_number0[19]' of 'GTP_DFF_CE' unit is dangling and will be cleaned.
W: Public-4008: Instance 'u_f_measure/u_divider_32/botton_number0[20]' of 'GTP_DFF_CE' unit is dangling and will be cleaned.
W: Public-4008: Instance 'u_f_measure/u_divider_32/botton_number0[21]' of 'GTP_DFF_CE' unit is dangling and will be cleaned.
W: Public-4008: Instance 'u_f_measure/u_divider_32/botton_number0[22]' of 'GTP_DFF_CE' unit is dangling and will be cleaned.
W: Public-4008: Instance 'u_f_measure/u_divider_32/botton_number0[23]' of 'GTP_DFF_CE' unit is dangling and will be cleaned.
W: Public-4008: Instance 'u_f_measure/u_divider_32/botton_number0[24]' of 'GTP_DFF_CE' unit is dangling and will be cleaned.
W: Public-4008: Instance 'u_f_measure/u_divider_32/botton_number0[25]' of 'GTP_DFF_CE' unit is dangling and will be cleaned.
W: Public-4008: Instance 'u_f_measure/u_divider_32/botton_number0[26]' of 'GTP_DFF_CE' unit is dangling and will be cleaned.
W: Public-4008: Instance 'u_f_measure/u_divider_32/botton_number0[27]' of 'GTP_DFF_CE' unit is dangling and will be cleaned.
W: Public-4008: Instance 'u_f_measure/u_divider_32/botton_number0[28]' of 'GTP_DFF_CE' unit is dangling and will be cleaned.
W: Public-4008: Instance 'u_f_measure/u_divider_32/botton_number0[29]' of 'GTP_DFF_CE' unit is dangling and will be cleaned.
W: Public-4008: Instance 'u_f_measure/u_divider_32/botton_number0[30]' of 'GTP_DFF_CE' unit is dangling and will be cleaned.
W: Public-4008: Instance 'u_f_measure/u_divider_32/botton_number0[31]' of 'GTP_DFF_CE' unit is dangling and will be cleaned.
W: Public-4008: Instance 'u_f_measure/u_divider_32/div_cnt[0]' of 'GTP_DFF_C' unit is dangling and will be cleaned.
W: Public-4008: Instance 'u_f_measure/u_divider_32/div_cnt[1]' of 'GTP_DFF_C' unit is dangling and will be cleaned.
W: Public-4008: Instance 'u_f_measure/u_divider_32/div_cnt[2]' of 'GTP_DFF_C' unit is dangling and will be cleaned.
W: Public-4008: Instance 'u_f_measure/u_divider_32/div_cnt[3]' of 'GTP_DFF_C' unit is dangling and will be cleaned.
W: Public-4008: Instance 'u_f_measure/u_divider_32/div_cnt[4]' of 'GTP_DFF_C' unit is dangling and will be cleaned.
W: Public-4008: Instance 'u_f_measure/u_divider_32/div_cnt[5]' of 'GTP_DFF_C' unit is dangling and will be cleaned.
W: Public-4008: Instance 'u_f_measure/u_divider_32/div_state' of 'GTP_DFF_C' unit is dangling and will be cleaned.
W: Public-4008: Instance 'u_f_measure/u_divider_32/result0[0]' of 'GTP_DFF_CE' unit is dangling and will be cleaned.
W: Public-4008: Instance 'u_f_measure/u_divider_32/result0[1]' of 'GTP_DFF_CE' unit is dangling and will be cleaned.
W: Public-4008: Instance 'u_f_measure/u_divider_32/result0[2]' of 'GTP_DFF_CE' unit is dangling and will be cleaned.
W: Public-4008: Instance 'u_f_measure/u_divider_32/result0[3]' of 'GTP_DFF_CE' unit is dangling and will be cleaned.
W: Public-4008: Instance 'u_f_measure/u_divider_32/result0[4]' of 'GTP_DFF_CE' unit is dangling and will be cleaned.
W: Public-4008: Instance 'u_f_measure/u_divider_32/result0[5]' of 'GTP_DFF_CE' unit is dangling and will be cleaned.
W: Public-4008: Instance 'u_f_measure/u_divider_32/result0[6]' of 'GTP_DFF_CE' unit is dangling and will be cleaned.
W: Public-4008: Instance 'u_f_measure/u_divider_32/result0[7]' of 'GTP_DFF_CE' unit is dangling and will be cleaned.
W: Public-4008: Instance 'u_f_measure/u_divider_32/result0[8]' of 'GTP_DFF_CE' unit is dangling and will be cleaned.
W: Public-4008: Instance 'u_f_measure/u_divider_32/result0[9]' of 'GTP_DFF_CE' unit is dangling and will be cleaned.
W: Public-4008: Instance 'u_f_measure/u_divider_32/result0[10]' of 'GTP_DFF_CE' unit is dangling and will be cleaned.
W: Public-4008: Instance 'u_f_measure/u_divider_32/result0[11]' of 'GTP_DFF_CE' unit is dangling and will be cleaned.
W: Public-4008: Instance 'u_f_measure/u_divider_32/result0[12]' of 'GTP_DFF_CE' unit is dangling and will be cleaned.
W: Public-4008: Instance 'u_f_measure/u_divider_32/result0[13]' of 'GTP_DFF_CE' unit is dangling and will be cleaned.
W: Public-4008: Instance 'u_f_measure/u_divider_32/result0[14]' of 'GTP_DFF_CE' unit is dangling and will be cleaned.
W: Public-4008: Instance 'u_f_measure/u_divider_32/result0[15]' of 'GTP_DFF_CE' unit is dangling and will be cleaned.
W: Public-4008: Instance 'u_f_measure/u_divider_32/result0[16]' of 'GTP_DFF_CE' unit is dangling and will be cleaned.
W: Public-4008: Instance 'u_f_measure/u_divider_32/result0[17]' of 'GTP_DFF_CE' unit is dangling and will be cleaned.
W: Public-4008: Instance 'u_f_measure/u_divider_32/result0[18]' of 'GTP_DFF_CE' unit is dangling and will be cleaned.
W: Public-4008: Instance 'u_f_measure/u_divider_32/result0[19]' of 'GTP_DFF_CE' unit is dangling and will be cleaned.
W: Public-4008: Instance 'u_f_measure/u_divider_32/result0[20]' of 'GTP_DFF_CE' unit is dangling and will be cleaned.
W: Public-4008: Instance 'u_f_measure/u_divider_32/result0[21]' of 'GTP_DFF_CE' unit is dangling and will be cleaned.
W: Public-4008: Instance 'u_f_measure/u_divider_32/result0[22]' of 'GTP_DFF_CE' unit is dangling and will be cleaned.
W: Public-4008: Instance 'u_f_measure/u_divider_32/result0[23]' of 'GTP_DFF_CE' unit is dangling and will be cleaned.
W: Public-4008: Instance 'u_f_measure/u_divider_32/result0[24]' of 'GTP_DFF_CE' unit is dangling and will be cleaned.
W: Public-4008: Instance 'u_f_measure/u_divider_32/result0[25]' of 'GTP_DFF_CE' unit is dangling and will be cleaned.
W: Public-4008: Instance 'u_f_measure/u_divider_32/result0[26]' of 'GTP_DFF_CE' unit is dangling and will be cleaned.
W: Public-4008: Instance 'u_f_measure/u_divider_32/result0[27]' of 'GTP_DFF_CE' unit is dangling and will be cleaned.
W: Public-4008: Instance 'u_f_measure/u_divider_32/result0[28]' of 'GTP_DFF_CE' unit is dangling and will be cleaned.
W: Public-4008: Instance 'u_f_measure/u_divider_32/result0[29]' of 'GTP_DFF_CE' unit is dangling and will be cleaned.
W: Public-4008: Instance 'u_f_measure/u_divider_32/result0[30]' of 'GTP_DFF_CE' unit is dangling and will be cleaned.
W: Public-4008: Instance 'u_f_measure/u_divider_32/result0[31]' of 'GTP_DFF_CE' unit is dangling and will be cleaned.
W: Public-4008: Instance 'u_f_measure/u_divider_32/result[0]' of 'GTP_DFF_CE' unit is dangling and will be cleaned.
W: Public-4008: Instance 'u_f_measure/u_divider_32/result[1]' of 'GTP_DFF_CE' unit is dangling and will be cleaned.
W: Public-4008: Instance 'u_f_measure/u_divider_32/result[2]' of 'GTP_DFF_CE' unit is dangling and will be cleaned.
W: Public-4008: Instance 'u_f_measure/u_divider_32/result[3]' of 'GTP_DFF_CE' unit is dangling and will be cleaned.
W: Public-4008: Instance 'u_f_measure/u_divider_32/result[4]' of 'GTP_DFF_CE' unit is dangling and will be cleaned.
W: Public-4008: Instance 'u_f_measure/u_divider_32/result[5]' of 'GTP_DFF_CE' unit is dangling and will be cleaned.
W: Public-4008: Instance 'u_f_measure/u_divider_32/result[6]' of 'GTP_DFF_CE' unit is dangling and will be cleaned.
W: Public-4008: Instance 'u_f_measure/u_divider_32/result[7]' of 'GTP_DFF_CE' unit is dangling and will be cleaned.
W: Public-4008: Instance 'u_f_measure/u_divider_32/result[8]' of 'GTP_DFF_CE' unit is dangling and will be cleaned.
W: Public-4008: Instance 'u_f_measure/u_divider_32/result[9]' of 'GTP_DFF_CE' unit is dangling and will be cleaned.
W: Public-4008: Instance 'u_f_measure/u_divider_32/result[10]' of 'GTP_DFF_CE' unit is dangling and will be cleaned.
W: Public-4008: Instance 'u_f_measure/u_divider_32/result[11]' of 'GTP_DFF_CE' unit is dangling and will be cleaned.
W: Public-4008: Instance 'u_f_measure/u_divider_32/result[12]' of 'GTP_DFF_CE' unit is dangling and will be cleaned.
W: Public-4008: Instance 'u_f_measure/u_divider_32/result[13]' of 'GTP_DFF_CE' unit is dangling and will be cleaned.
W: Public-4008: Instance 'u_f_measure/u_divider_32/result[14]' of 'GTP_DFF_CE' unit is dangling and will be cleaned.
W: Public-4008: Instance 'u_f_measure/u_divider_32/result[15]' of 'GTP_DFF_CE' unit is dangling and will be cleaned.
W: Public-4008: Instance 'u_f_measure/u_divider_32/result[16]' of 'GTP_DFF_CE' unit is dangling and will be cleaned.
W: Public-4008: Instance 'u_f_measure/u_divider_32/result[17]' of 'GTP_DFF_CE' unit is dangling and will be cleaned.
W: Public-4008: Instance 'u_f_measure/u_divider_32/result[18]' of 'GTP_DFF_CE' unit is dangling and will be cleaned.
W: Public-4008: Instance 'u_f_measure/u_divider_32/result[19]' of 'GTP_DFF_CE' unit is dangling and will be cleaned.
W: Public-4008: Instance 'u_f_measure/u_divider_32/result[20]' of 'GTP_DFF_CE' unit is dangling and will be cleaned.
W: Public-4008: Instance 'u_f_measure/u_divider_32/result[21]' of 'GTP_DFF_CE' unit is dangling and will be cleaned.
W: Public-4008: Instance 'u_f_measure/u_divider_32/result[22]' of 'GTP_DFF_CE' unit is dangling and will be cleaned.
W: Public-4008: Instance 'u_f_measure/u_divider_32/result[23]' of 'GTP_DFF_CE' unit is dangling and will be cleaned.
W: Public-4008: Instance 'u_f_measure/u_divider_32/result[24]' of 'GTP_DFF_CE' unit is dangling and will be cleaned.
W: Public-4008: Instance 'u_f_measure/u_divider_32/result[25]' of 'GTP_DFF_CE' unit is dangling and will be cleaned.
W: Public-4008: Instance 'u_f_measure/u_divider_32/result[26]' of 'GTP_DFF_CE' unit is dangling and will be cleaned.
W: Public-4008: Instance 'u_f_measure/u_divider_32/result[27]' of 'GTP_DFF_CE' unit is dangling and will be cleaned.
W: Public-4008: Instance 'u_f_measure/u_divider_32/result[28]' of 'GTP_DFF_CE' unit is dangling and will be cleaned.
W: Public-4008: Instance 'u_f_measure/u_divider_32/result[29]' of 'GTP_DFF_CE' unit is dangling and will be cleaned.
W: Public-4008: Instance 'u_f_measure/u_divider_32/result[30]' of 'GTP_DFF_CE' unit is dangling and will be cleaned.
W: Public-4008: Instance 'u_f_measure/u_divider_32/result[31]' of 'GTP_DFF_CE' unit is dangling and will be cleaned.
W: Public-4008: Instance 'u_f_measure/u_divider_32/top_number0[0]' of 'GTP_DFF_CE' unit is dangling and will be cleaned.
W: Public-4008: Instance 'u_f_measure/u_divider_32/top_number0[1]' of 'GTP_DFF_CE' unit is dangling and will be cleaned.
W: Public-4008: Instance 'u_f_measure/u_divider_32/top_number0[2]' of 'GTP_DFF_CE' unit is dangling and will be cleaned.
W: Public-4008: Instance 'u_f_measure/u_divider_32/top_number0[3]' of 'GTP_DFF_CE' unit is dangling and will be cleaned.
W: Public-4008: Instance 'u_f_measure/u_divider_32/top_number0[4]' of 'GTP_DFF_CE' unit is dangling and will be cleaned.
W: Public-4008: Instance 'u_f_measure/u_divider_32/top_number0[5]' of 'GTP_DFF_CE' unit is dangling and will be cleaned.
W: Public-4008: Instance 'u_f_measure/u_divider_32/top_number0[6]' of 'GTP_DFF_CE' unit is dangling and will be cleaned.
W: Public-4008: Instance 'u_f_measure/u_divider_32/top_number0[7]' of 'GTP_DFF_CE' unit is dangling and will be cleaned.
W: Public-4008: Instance 'u_f_measure/u_divider_32/top_number0[8]' of 'GTP_DFF_CE' unit is dangling and will be cleaned.
W: Public-4008: Instance 'u_f_measure/u_divider_32/top_number0[9]' of 'GTP_DFF_CE' unit is dangling and will be cleaned.
W: Public-4008: Instance 'u_f_measure/u_divider_32/top_number0[10]' of 'GTP_DFF_CE' unit is dangling and will be cleaned.
W: Public-4008: Instance 'u_f_measure/u_divider_32/top_number0[11]' of 'GTP_DFF_CE' unit is dangling and will be cleaned.
W: Public-4008: Instance 'u_f_measure/u_divider_32/top_number0[12]' of 'GTP_DFF_CE' unit is dangling and will be cleaned.
W: Public-4008: Instance 'u_f_measure/u_divider_32/top_number0[13]' of 'GTP_DFF_CE' unit is dangling and will be cleaned.
W: Public-4008: Instance 'u_f_measure/u_divider_32/top_number0[14]' of 'GTP_DFF_CE' unit is dangling and will be cleaned.
W: Public-4008: Instance 'u_f_measure/u_divider_32/top_number0[15]' of 'GTP_DFF_CE' unit is dangling and will be cleaned.
W: Public-4008: Instance 'u_f_measure/u_divider_32/top_number0[16]' of 'GTP_DFF_CE' unit is dangling and will be cleaned.
W: Public-4008: Instance 'u_f_measure/u_divider_32/top_number0[17]' of 'GTP_DFF_CE' unit is dangling and will be cleaned.
W: Public-4008: Instance 'u_f_measure/u_divider_32/top_number0[18]' of 'GTP_DFF_CE' unit is dangling and will be cleaned.
W: Public-4008: Instance 'u_f_measure/u_divider_32/top_number0[19]' of 'GTP_DFF_CE' unit is dangling and will be cleaned.
W: Public-4008: Instance 'u_f_measure/u_divider_32/top_number0[20]' of 'GTP_DFF_CE' unit is dangling and will be cleaned.
W: Public-4008: Instance 'u_f_measure/u_divider_32/top_number0[21]' of 'GTP_DFF_CE' unit is dangling and will be cleaned.
W: Public-4008: Instance 'u_f_measure/u_divider_32/top_number0[22]' of 'GTP_DFF_CE' unit is dangling and will be cleaned.
W: Public-4008: Instance 'u_f_measure/u_divider_32/top_number0[23]' of 'GTP_DFF_CE' unit is dangling and will be cleaned.
W: Public-4008: Instance 'u_f_measure/u_divider_32/top_number0[24]' of 'GTP_DFF_CE' unit is dangling and will be cleaned.
W: Public-4008: Instance 'u_f_measure/u_divider_32/top_number0[25]' of 'GTP_DFF_CE' unit is dangling and will be cleaned.
W: Public-4008: Instance 'u_f_measure/u_divider_32/top_number0[26]' of 'GTP_DFF_CE' unit is dangling and will be cleaned.
W: Public-4008: Instance 'u_f_measure/u_divider_32/top_number0[27]' of 'GTP_DFF_CE' unit is dangling and will be cleaned.
W: Public-4008: Instance 'u_f_measure/u_divider_32/top_number0[28]' of 'GTP_DFF_CE' unit is dangling and will be cleaned.
W: Public-4008: Instance 'u_f_measure/u_divider_32/top_number0[29]' of 'GTP_DFF_CE' unit is dangling and will be cleaned.
W: Public-4008: Instance 'u_f_measure/u_divider_32/top_number0[30]' of 'GTP_DFF_CE' unit is dangling and will be cleaned.
W: Public-4008: Instance 'u_f_measure/u_divider_32/top_number0[31]' of 'GTP_DFF_CE' unit is dangling and will be cleaned.
W: Public-4008: Instance 'u_f_measure/u_divider_32/top_number0[32]' of 'GTP_DFF_CE' unit is dangling and will be cleaned.
W: Public-4008: Instance 'u_f_measure/u_divider_32/top_number0[33]' of 'GTP_DFF_CE' unit is dangling and will be cleaned.
W: Public-4008: Instance 'u_f_measure/u_divider_32/top_number0[34]' of 'GTP_DFF_CE' unit is dangling and will be cleaned.
W: Public-4008: Instance 'u_f_measure/u_divider_32/top_number0[35]' of 'GTP_DFF_CE' unit is dangling and will be cleaned.
W: Public-4008: Instance 'u_f_measure/u_divider_32/top_number0[36]' of 'GTP_DFF_CE' unit is dangling and will be cleaned.
W: Public-4008: Instance 'u_f_measure/u_divider_32/top_number0[37]' of 'GTP_DFF_CE' unit is dangling and will be cleaned.
W: Public-4008: Instance 'u_f_measure/u_divider_32/top_number0[38]' of 'GTP_DFF_CE' unit is dangling and will be cleaned.
W: Public-4008: Instance 'u_f_measure/u_divider_32/top_number0[39]' of 'GTP_DFF_CE' unit is dangling and will be cleaned.
W: Public-4008: Instance 'u_f_measure/u_divider_32/top_number0[40]' of 'GTP_DFF_CE' unit is dangling and will be cleaned.
W: Public-4008: Instance 'u_f_measure/u_divider_32/top_number0[41]' of 'GTP_DFF_CE' unit is dangling and will be cleaned.
W: Public-4008: Instance 'u_f_measure/u_divider_32/top_number0[42]' of 'GTP_DFF_CE' unit is dangling and will be cleaned.
W: Public-4008: Instance 'u_f_measure/u_divider_32/top_number0[43]' of 'GTP_DFF_CE' unit is dangling and will be cleaned.
W: Public-4008: Instance 'u_f_measure/u_divider_32/top_number0[44]' of 'GTP_DFF_CE' unit is dangling and will be cleaned.
W: Public-4008: Instance 'u_f_measure/u_divider_32/top_number0[45]' of 'GTP_DFF_CE' unit is dangling and will be cleaned.
W: Public-4008: Instance 'u_f_measure/u_divider_32/top_number0[46]' of 'GTP_DFF_CE' unit is dangling and will be cleaned.
W: Public-4008: Instance 'u_f_measure/u_divider_32/top_number0[47]' of 'GTP_DFF_CE' unit is dangling and will be cleaned.
W: Public-4008: Instance 'u_f_measure/u_divider_32/top_number0[48]' of 'GTP_DFF_CE' unit is dangling and will be cleaned.
W: Public-4008: Instance 'u_f_measure/u_divider_32/top_number0[49]' of 'GTP_DFF_CE' unit is dangling and will be cleaned.
W: Public-4008: Instance 'u_f_measure/u_divider_32/top_number0[50]' of 'GTP_DFF_CE' unit is dangling and will be cleaned.
W: Public-4008: Instance 'u_f_measure/u_divider_32/top_number0[51]' of 'GTP_DFF_CE' unit is dangling and will be cleaned.
W: Public-4008: Instance 'u_f_measure/u_divider_32/top_number0[52]' of 'GTP_DFF_CE' unit is dangling and will be cleaned.
W: Public-4008: Instance 'u_f_measure/u_divider_32/top_number0[53]' of 'GTP_DFF_CE' unit is dangling and will be cleaned.
W: Public-4008: Instance 'u_f_measure/u_divider_32/top_number0[54]' of 'GTP_DFF_CE' unit is dangling and will be cleaned.
W: Public-4008: Instance 'u_f_measure/u_divider_32/top_number0[55]' of 'GTP_DFF_CE' unit is dangling and will be cleaned.
W: Public-4008: Instance 'u_f_measure/u_divider_32/top_number0[56]' of 'GTP_DFF_CE' unit is dangling and will be cleaned.
W: Public-4008: Instance 'u_f_measure/u_divider_32/top_number0[57]' of 'GTP_DFF_CE' unit is dangling and will be cleaned.
W: Public-4008: Instance 'u_f_measure/u_divider_32/top_number0[58]' of 'GTP_DFF_CE' unit is dangling and will be cleaned.
W: Public-4008: Instance 'u_f_measure/u_divider_32/top_number0[59]' of 'GTP_DFF_CE' unit is dangling and will be cleaned.
W: Public-4008: Instance 'u_f_measure/u_divider_32/top_number0[60]' of 'GTP_DFF_CE' unit is dangling and will be cleaned.
W: Public-4008: Instance 'u_f_measure/u_divider_32/top_number0[61]' of 'GTP_DFF_CE' unit is dangling and will be cleaned.
W: Public-4008: Instance 'u_f_measure/u_divider_32/top_number0[62]' of 'GTP_DFF_CE' unit is dangling and will be cleaned.
W: Public-4008: Instance 'u_f_measure/u_divider_32/top_number0[63]' of 'GTP_DFF_CE' unit is dangling and will be cleaned.
Constructing timing graph ...
Timing graph has been constructed successfully
C: STA-3009: The clock top_module|sys_clk is not connected to any clock endpoints,it will be treated as a normal port or pin.
W: STA-3011: Clock pin 'u_ip_fifo/next_state[1]/G' (GTP_DLATCH.G) has no clock, timing propagation is disabled at the pin.
W: STA-3011: Clock pin 'u_ip_fifo/next_state[2]/G' (GTP_DLATCH.G) has no clock, timing propagation is disabled at the pin.
W: STA-3011: Clock pin 'u_ip_fifo/next_state[3]/G' (GTP_DLATCH.G) has no clock, timing propagation is disabled at the pin.
W: STA-3011: Clock pin 'u_spi_drive/next_state[0]/G' (GTP_DLATCH.G) has no clock, timing propagation is disabled at the pin.
W: Timing-4087: Port 'Sa_hold' is not constrained, it is treated as combinational output.
W: Timing-4087: Port 'ad_clk_1' is not constrained, it is treated as combinational output.
W: Timing-4087: Port 'ad_oe_1' is not constrained, it is treated as combinational output.
W: Timing-4087: Port 'ad_oe_2' is not constrained, it is treated as combinational output.
W: Timing-4087: Port 'ampl_state[0]' is not constrained, it is treated as combinational output.
W: Timing-4087: Port 'ampl_state[1]' is not constrained, it is treated as combinational output.
W: Timing-4087: Port 'ampl_state[2]' is not constrained, it is treated as combinational output.
W: Timing-4087: Port 'ampl_state[3]' is not constrained, it is treated as combinational output.
W: Timing-4087: Port 'en_force_trig' is not constrained, it is treated as combinational output.
W: Timing-4087: Port 'meas_state[0]' is not constrained, it is treated as combinational output.
W: Timing-4087: Port 'meas_state[1]' is not constrained, it is treated as combinational output.
W: Timing-4087: Port 'spi_data_ready' is not constrained, it is treated as combinational output.
W: Timing-4087: Port 'spi_miso' is not constrained, it is treated as combinational output.
W: Timing-4087: Port 'state_change_flag' is not constrained, it is treated as combinational output.
W: Timing-4087: Port 'time_state[0]' is not constrained, it is treated as combinational output.
W: Timing-4087: Port 'time_state[1]' is not constrained, it is treated as combinational output.
W: Timing-4087: Port 'time_state[2]' is not constrained, it is treated as combinational output.
W: Timing-4087: Port 'time_state[3]' is not constrained, it is treated as combinational output.
W: Timing-4087: Port 'time_state[4]' is not constrained, it is treated as combinational output.
W: Timing-4086: Port 'adc_data_1[0]' is not constrained, it is treated as combinational input.
W: Timing-4086: Port 'adc_data_1[1]' is not constrained, it is treated as combinational input.
W: Timing-4086: Port 'adc_data_1[2]' is not constrained, it is treated as combinational input.
W: Timing-4086: Port 'adc_data_1[3]' is not constrained, it is treated as combinational input.
W: Timing-4086: Port 'adc_data_1[4]' is not constrained, it is treated as combinational input.
W: Timing-4086: Port 'adc_data_1[5]' is not constrained, it is treated as combinational input.
W: Timing-4086: Port 'adc_data_1[6]' is not constrained, it is treated as combinational input.
W: Timing-4086: Port 'adc_data_1[7]' is not constrained, it is treated as combinational input.
W: Timing-4086: Port 'adc_data_1[8]' is not constrained, it is treated as combinational input.
W: Timing-4086: Port 'adc_data_1[9]' is not constrained, it is treated as combinational input.
W: Timing-4086: Port 'enc_clk_ampl' is not constrained, it is treated as combinational input.
W: Timing-4086: Port 'enc_clk_time' is not constrained, it is treated as combinational input.
W: Timing-4086: Port 'enc_dt_ampl' is not constrained, it is treated as combinational input.
W: Timing-4086: Port 'enc_dt_time' is not constrained, it is treated as combinational input.
W: Timing-4086: Port 'key_force_trig' is not constrained, it is treated as combinational input.
W: Timing-4086: Port 'key_run' is not constrained, it is treated as combinational input.
W: Timing-4086: Port 'key_single' is not constrained, it is treated as combinational input.
W: Timing-4086: Port 'spi_clk' is not constrained, it is treated as combinational input.
W: Timing-4086: Port 'spi_cs' is not constrained, it is treated as combinational input.
W: Timing-4086: Port 'spi_mosi' is not constrained, it is treated as combinational input.
W: Timing-4086: Port 'sys_rst_n' is not constrained, it is treated as combinational input.
W: Timing-4086: Port 'trigger' is not constrained, it is treated as combinational input.
Action synthesize: Real time elapsed is 0h:0m:8s
Action synthesize: CPU time elapsed is 0h:0m:4s
Action synthesize: Process CPU time elapsed is 0h:0m:4s
Current time: Fri Jul  5 01:35:41 2024
Action synthesize: Peak memory pool usage is 290 MB
